2017-04-06 15:56:32,491 INFO  [Log] **************************************************************************************** 
2017-04-06 15:56:32,492 INFO  [Log] $$$$$$$$$$$$$$$$$$$$$                 Shop Carts       $$$$$$$$$$$$$$$$$$$$$$$$$ 
2017-04-06 15:56:32,492 INFO  [Log] **************************************************************************************** 
2017-04-06 15:56:33,959 INFO  [Log] Excel sheet opened 
2017-04-06 15:56:33,959 INFO  [Log] Excel sheet opened 
2017-04-06 15:56:59,555 INFO  [Log] New driver instantiated 
2017-04-06 15:57:00,025 INFO  [Log] Implicit wait applied on the driver for 20 seconds 
2017-04-06 15:57:02,125 INFO  [Log] Browser full screen 
2017-04-06 15:57:03,705 INFO  [Log] Web application launched successfully 
2017-04-06 15:57:03,705 INFO  [Log] New driver instantiated 
2017-04-06 15:57:03,733 INFO  [Log] Implicit wait applied on the driver for 10 seconds 
2017-04-06 15:57:04,462 INFO  [Log] Browser full screen 
2017-04-06 15:57:06,106 INFO  [Log] Web application launched successfully 
2017-04-06 15:57:06,227 INFO  [Log]  Link Dat Mua Hoa Ngay Quan Trong is found on the San Pham Moi 
2017-04-06 15:57:12,234 INFO  [Log]  Message khi khong dang nhap is found on the Flower Shop 
2017-04-06 15:57:12,451 INFO  [Log]  Register link is found on the Flower Shop 
2017-04-06 15:57:14,127 INFO  [Log] Test Case 1 Passed because of Verification 
2017-04-06 15:57:14,131 INFO  [Log] XXXXXXXXXXXXXXXXXXXXXXX             -E---N---D-             XXXXXXXXXXXXXXXXXXXXXX 
2017-04-06 15:57:14,131 INFO  [Log] X 
2017-04-06 15:57:14,131 INFO  [Log] X 
2017-04-06 15:57:52,250 INFO  [Log] **************************************************************************************** 
2017-04-06 15:57:52,250 INFO  [Log] $$$$$$$$$$$$$$$$$$$$$                 Shop Carts       $$$$$$$$$$$$$$$$$$$$$$$$$ 
2017-04-06 15:57:52,250 INFO  [Log] **************************************************************************************** 
2017-04-06 15:57:52,502 INFO  [Log] Excel sheet opened 
2017-04-06 15:57:52,503 INFO  [Log] Excel sheet opened 
2017-04-06 15:58:32,100 INFO  [Log] New driver instantiated 
2017-04-06 15:58:32,197 INFO  [Log] Implicit wait applied on the driver for 20 seconds 
2017-04-06 15:58:35,751 INFO  [Log] Browser full screen 
2017-04-06 15:58:37,488 INFO  [Log] Web application launched successfully 
2017-04-06 15:58:37,488 INFO  [Log] New driver instantiated 
2017-04-06 15:58:37,526 INFO  [Log] Implicit wait applied on the driver for 10 seconds 
2017-04-06 15:58:37,551 INFO  [Log] Browser full screen 
2017-04-06 15:58:39,008 INFO  [Log] Web application launched successfully 
2017-04-06 15:58:39,139 INFO  [Log]  San Pham link is found on the Flower Shop 
2017-04-06 15:58:48,831 INFO  [Log]  Link Dat Mua Hoa Ngay quan trong 001 is found on the San Pham Moi 
2017-04-06 15:58:49,402 INFO  [Log]  Message khi khong dang nhap is found on the Flower Shop 
2017-04-06 15:58:49,629 INFO  [Log]  Register link is found on the Flower Shop 
2017-04-06 15:58:50,096 INFO  [Log] Test Case 2 Passed because of Verification 
2017-04-06 15:58:50,097 INFO  [Log] XXXXXXXXXXXXXXXXXXXXXXX             -E---N---D-             XXXXXXXXXXXXXXXXXXXXXX 
2017-04-06 15:58:50,097 INFO  [Log] X 
2017-04-06 15:58:50,097 INFO  [Log] X 
2017-04-06 15:58:50,764 INFO  [Log] **************************************************************************************** 
2017-04-06 15:58:50,764 INFO  [Log] $$$$$$$$$$$$$$$$$$$$$                 Shop Carts       $$$$$$$$$$$$$$$$$$$$$$$$$ 
2017-04-06 15:58:50,764 INFO  [Log] **************************************************************************************** 
2017-04-06 15:58:50,962 INFO  [Log] Excel sheet opened 
2017-04-06 15:58:50,963 INFO  [Log] Excel sheet opened 
2017-04-06 15:59:22,186 INFO  [Log] New driver instantiated 
2017-04-06 15:59:24,876 INFO  [Log] Implicit wait applied on the driver for 20 seconds 
2017-04-06 15:59:25,821 INFO  [Log] Browser full screen 
2017-04-06 15:59:31,551 INFO  [Log] Web application launched successfully 
2017-04-06 15:59:31,551 INFO  [Log] New driver instantiated 
2017-04-06 15:59:31,575 INFO  [Log] Implicit wait applied on the driver for 10 seconds 
2017-04-06 15:59:31,599 INFO  [Log] Browser full screen 
2017-04-06 15:59:32,146 INFO  [Log] Web application launched successfully 
2017-04-06 15:59:32,317 INFO  [Log]  Hoa Tinh yeu link is found on the Flower Shop 
2017-04-06 15:59:41,128 INFO  [Log]  Dat mua  link is found on the Flower Shop 
2017-04-06 15:59:41,563 INFO  [Log]  Message khi khong dang nhap is found on the Flower Shop 
2017-04-06 15:59:41,950 INFO  [Log]  Register link is found on the Flower Shop 
2017-04-06 15:59:42,196 INFO  [Log] Test Case 3 Passed because of Verification 
2017-04-06 15:59:42,197 INFO  [Log] XXXXXXXXXXXXXXXXXXXXXXX             -E---N---D-             XXXXXXXXXXXXXXXXXXXXXX 
2017-04-06 15:59:42,197 INFO  [Log] X 
2017-04-06 15:59:42,197 INFO  [Log] X 
2017-04-06 15:59:43,356 INFO  [Log] **************************************************************************************** 
2017-04-06 15:59:43,356 INFO  [Log] $$$$$$$$$$$$$$$$$$$$$                 Shop Carts       $$$$$$$$$$$$$$$$$$$$$$$$$ 
2017-04-06 15:59:43,356 INFO  [Log] **************************************************************************************** 
2017-04-06 15:59:43,499 INFO  [Log] Excel sheet opened 
2017-04-06 15:59:43,499 INFO  [Log] Excel sheet opened 
2017-04-06 15:59:59,730 INFO  [Log] New driver instantiated 
2017-04-06 16:00:00,431 INFO  [Log] Implicit wait applied on the driver for 20 seconds 
2017-04-06 16:00:01,037 INFO  [Log] Browser full screen 
2017-04-06 16:00:04,123 INFO  [Log] Web application launched successfully 
2017-04-06 16:00:04,123 INFO  [Log] New driver instantiated 
2017-04-06 16:00:04,162 INFO  [Log] Implicit wait applied on the driver for 10 seconds 
2017-04-06 16:00:04,186 INFO  [Log] Browser full screen 
2017-04-06 16:00:05,657 INFO  [Log] Web application launched successfully 
2017-04-06 16:00:06,035 INFO  [Log]  Gia Duoi 100000ð  link is found on the Flower Shop 
2017-04-06 16:00:06,915 INFO  [Log]  Gia Hoa Ngay Quan Trong  link is found on the Flower Shop 
2017-04-06 16:00:08,191 INFO  [Log]  Message khi khong dang nhap is found on the Flower Shop 
2017-04-06 16:00:08,381 INFO  [Log]  Register link is found on the Flower Shop 
2017-04-06 16:00:08,566 INFO  [Log] Test Case 4 Passed because of Verification 
2017-04-06 16:00:08,567 INFO  [Log] XXXXXXXXXXXXXXXXXXXXXXX             -E---N---D-             XXXXXXXXXXXXXXXXXXXXXX 
2017-04-06 16:00:08,567 INFO  [Log] X 
2017-04-06 16:00:08,567 INFO  [Log] X 
2017-04-06 16:00:09,236 INFO  [Log] **************************************************************************************** 
2017-04-06 16:00:09,236 INFO  [Log] $$$$$$$$$$$$$$$$$$$$$                 Shop Carts       $$$$$$$$$$$$$$$$$$$$$$$$$ 
2017-04-06 16:00:09,236 INFO  [Log] **************************************************************************************** 
2017-04-06 16:00:09,372 INFO  [Log] Excel sheet opened 
2017-04-06 16:00:09,372 INFO  [Log] Excel sheet opened 
2017-04-06 16:00:19,510 INFO  [Log] New driver instantiated 
2017-04-06 16:00:20,250 INFO  [Log] Implicit wait applied on the driver for 20 seconds 
2017-04-06 16:00:20,984 INFO  [Log] Browser full screen 
2017-04-06 16:00:23,168 INFO  [Log] Web application launched successfully 
2017-04-06 16:00:23,168 INFO  [Log] New driver instantiated 
2017-04-06 16:00:23,240 INFO  [Log] Implicit wait applied on the driver for 10 seconds 
2017-04-06 16:00:23,277 INFO  [Log] Browser full screen 
2017-04-06 16:00:23,448 INFO  [Log] Web application launched successfully 
2017-04-06 16:00:24,286 INFO  [Log] Username text box is found on the Login Page 
2017-04-06 16:00:26,678 INFO  [Log] Password text box is found on the Login_Page 
2017-04-06 16:00:26,834 INFO  [Log] Submit button is found on the Login_Page 
2017-04-06 16:00:27,198 INFO  [Log] LogIn successful 
2017-04-06 16:00:27,612 INFO  [Log]  Link Dat Mua Hoa Ngay Quan Trong is found on the San Pham Moi 
2017-04-06 16:00:28,691 INFO  [Log] Check STT successfuly 
2017-04-06 16:00:28,691 INFO  [Log] Check ten hoa successfuly 
2017-04-06 16:00:28,691 INFO  [Log] Check soluong successfuly 
2017-04-06 16:00:28,691 INFO  [Log] Check don gia  successfuly 
2017-04-06 16:00:28,691 INFO  [Log] Check thanh tien  successfuly 15000 
2017-04-06 16:00:28,692 INFO  [Log] Kiem tra tong tien thanh cong15000 
2017-04-06 16:00:28,840 INFO  [Log] Test Case 5 Passed because of Verification 
2017-04-06 16:00:28,841 INFO  [Log] XXXXXXXXXXXXXXXXXXXXXXX             -E---N---D-             XXXXXXXXXXXXXXXXXXXXXX 
2017-04-06 16:00:28,841 INFO  [Log] X 
2017-04-06 16:00:28,841 INFO  [Log] X 
2017-04-06 16:00:29,395 INFO  [Log] **************************************************************************************** 
2017-04-06 16:00:29,395 INFO  [Log] $$$$$$$$$$$$$$$$$$$$$                 Shop Carts       $$$$$$$$$$$$$$$$$$$$$$$$$ 
2017-04-06 16:00:29,395 INFO  [Log] **************************************************************************************** 
2017-04-06 16:00:29,512 INFO  [Log] Excel sheet opened 
2017-04-06 16:00:29,512 INFO  [Log] Excel sheet opened 
2017-04-06 16:00:39,977 INFO  [Log] New driver instantiated 
2017-04-06 16:00:40,023 INFO  [Log] Implicit wait applied on the driver for 20 seconds 
2017-04-06 16:00:40,878 INFO  [Log] Browser full screen 
2017-04-06 16:00:41,426 INFO  [Log] Web application launched successfully 
2017-04-06 16:00:41,426 INFO  [Log] New driver instantiated 
2017-04-06 16:00:41,463 INFO  [Log] Implicit wait applied on the driver for 10 seconds 
2017-04-06 16:00:41,516 INFO  [Log] Browser full screen 
2017-04-06 16:00:41,798 INFO  [Log] Web application launched successfully 
2017-04-06 16:00:41,903 INFO  [Log] Username text box is found on the Login Page 
2017-04-06 16:00:46,218 INFO  [Log] Password text box is found on the Login_Page 
2017-04-06 16:00:46,390 INFO  [Log] Submit button is found on the Login_Page 
2017-04-06 16:00:46,760 INFO  [Log] LogIn successful 
2017-04-06 16:00:46,813 INFO  [Log]  San Pham link is found on the Flower Shop 
2017-04-06 16:00:47,680 INFO  [Log]  Link Dat Mua Hoa Ngay quan trong 001 is found on the San Pham Moi 
2017-04-06 16:00:48,494 INFO  [Log] Check STT successfuly 
2017-04-06 16:00:48,495 INFO  [Log] Check ten hoa successfuly 
2017-04-06 16:00:48,495 INFO  [Log] Check soluong successfuly 
2017-04-06 16:00:48,495 INFO  [Log] Check don gia  successfuly 
2017-04-06 16:00:48,495 INFO  [Log] Check thanh tien  successfuly 15000 
2017-04-06 16:00:48,495 INFO  [Log] Kiem tra tong tien thanh cong15000 
2017-04-06 16:00:48,611 INFO  [Log] Test Case 6 Passed because of Verification 
2017-04-06 16:00:48,613 INFO  [Log] XXXXXXXXXXXXXXXXXXXXXXX             -E---N---D-             XXXXXXXXXXXXXXXXXXXXXX 
2017-04-06 16:00:48,613 INFO  [Log] X 
2017-04-06 16:00:48,613 INFO  [Log] X 
2017-04-06 16:00:49,099 INFO  [Log] **************************************************************************************** 
2017-04-06 16:00:49,099 INFO  [Log] $$$$$$$$$$$$$$$$$$$$$                 Shop Carts       $$$$$$$$$$$$$$$$$$$$$$$$$ 
2017-04-06 16:00:49,099 INFO  [Log] **************************************************************************************** 
2017-04-06 16:00:49,304 INFO  [Log] Excel sheet opened 
2017-04-06 16:00:49,306 INFO  [Log] Excel sheet opened 
2017-04-06 16:00:59,736 INFO  [Log] New driver instantiated 
2017-04-06 16:00:59,791 INFO  [Log] Implicit wait applied on the driver for 20 seconds 
2017-04-06 16:01:00,577 INFO  [Log] Browser full screen 
2017-04-06 16:01:01,661 INFO  [Log] Web application launched successfully 
2017-04-06 16:01:01,661 INFO  [Log] New driver instantiated 
2017-04-06 16:01:01,696 INFO  [Log] Implicit wait applied on the driver for 10 seconds 
2017-04-06 16:01:01,737 INFO  [Log] Browser full screen 
2017-04-06 16:01:02,310 INFO  [Log] Web application launched successfully 
2017-04-06 16:01:02,696 INFO  [Log] Username text box is found on the Login Page 
2017-04-06 16:01:05,842 INFO  [Log] Password text box is found on the Login_Page 
2017-04-06 16:01:06,116 INFO  [Log] Submit button is found on the Login_Page 
2017-04-06 16:01:06,815 INFO  [Log] LogIn successful 
2017-04-06 16:01:06,922 INFO  [Log]  Hoa Tinh yeu link is found on the Flower Shop 
2017-04-06 16:01:08,476 INFO  [Log]  Dat mua  link is found on the Flower Shop 
2017-04-06 16:01:09,249 INFO  [Log] Check STT successfuly 
2017-04-06 16:01:09,250 INFO  [Log] Check ten hoa successfuly 
2017-04-06 16:01:09,250 INFO  [Log] Check soluong successfuly 
2017-04-06 16:01:09,250 INFO  [Log] Check don gia  successfuly 
2017-04-06 16:01:09,250 INFO  [Log] Check thanh tien  successfuly 700000 
2017-04-06 16:01:09,250 INFO  [Log] Kiem tra tong tien thanh cong700000 
2017-04-06 16:01:09,387 INFO  [Log] Test Case 7 Passed because of Verification 
2017-04-06 16:01:09,388 INFO  [Log] XXXXXXXXXXXXXXXXXXXXXXX             -E---N---D-             XXXXXXXXXXXXXXXXXXXXXX 
2017-04-06 16:01:09,389 INFO  [Log] X 
2017-04-06 16:01:09,389 INFO  [Log] X 
2017-04-06 16:01:09,930 INFO  [Log] **************************************************************************************** 
2017-04-06 16:01:09,930 INFO  [Log] $$$$$$$$$$$$$$$$$$$$$                 Shop Carts       $$$$$$$$$$$$$$$$$$$$$$$$$ 
2017-04-06 16:01:09,930 INFO  [Log] **************************************************************************************** 
2017-04-06 16:01:10,028 INFO  [Log] Excel sheet opened 
2017-04-06 16:01:10,028 INFO  [Log] Excel sheet opened 
2017-04-06 16:01:20,243 INFO  [Log] New driver instantiated 
2017-04-06 16:01:21,337 INFO  [Log] Implicit wait applied on the driver for 20 seconds 
2017-04-06 16:01:21,442 INFO  [Log] Browser full screen 
2017-04-06 16:01:23,016 INFO  [Log] Web application launched successfully 
2017-04-06 16:01:23,016 INFO  [Log] New driver instantiated 
2017-04-06 16:01:23,062 INFO  [Log] Implicit wait applied on the driver for 10 seconds 
2017-04-06 16:01:23,159 INFO  [Log] Browser full screen 
2017-04-06 16:01:23,550 INFO  [Log] Web application launched successfully 
2017-04-06 16:01:23,654 INFO  [Log] Username text box is found on the Login Page 
2017-04-06 16:01:26,535 INFO  [Log] Password text box is found on the Login_Page 
2017-04-06 16:01:27,474 INFO  [Log] Submit button is found on the Login_Page 
2017-04-06 16:01:27,809 INFO  [Log] LogIn successful 
2017-04-06 16:01:27,961 INFO  [Log]  Gia Duoi 100000ð  link is found on the Flower Shop 
2017-04-06 16:01:28,604 INFO  [Log]  Gia Hoa Ngay Quan Trong  link is found on the Flower Shop 
2017-04-06 16:01:29,243 INFO  [Log] Check STT successfuly 
2017-04-06 16:01:29,243 INFO  [Log] Check ten hoa successfuly 
2017-04-06 16:01:29,243 INFO  [Log] Check soluong successfuly 
2017-04-06 16:01:29,243 INFO  [Log] Check don gia  successfuly 
2017-04-06 16:01:29,243 INFO  [Log] Check thanh tien  successfuly 15000 
2017-04-06 16:01:29,244 INFO  [Log] Kiem tra tong tien thanh cong15000 
2017-04-06 16:01:29,364 INFO  [Log] Test Case 8 Passed because of Verification 
2017-04-06 16:01:29,365 INFO  [Log] XXXXXXXXXXXXXXXXXXXXXXX             -E---N---D-             XXXXXXXXXXXXXXXXXXXXXX 
2017-04-06 16:01:29,365 INFO  [Log] X 
2017-04-06 16:01:29,365 INFO  [Log] X 
2017-04-06 16:01:30,047 INFO  [Log] **************************************************************************************** 
2017-04-06 16:01:30,047 INFO  [Log] $$$$$$$$$$$$$$$$$$$$$                 Shop Carts       $$$$$$$$$$$$$$$$$$$$$$$$$ 
2017-04-06 16:01:30,047 INFO  [Log] **************************************************************************************** 
2017-04-06 16:01:30,147 INFO  [Log] Excel sheet opened 
2017-04-06 16:01:30,147 INFO  [Log] Excel sheet opened 
2017-04-06 16:01:40,193 INFO  [Log] New driver instantiated 
2017-04-06 16:01:41,121 INFO  [Log] Implicit wait applied on the driver for 20 seconds 
2017-04-06 16:01:41,232 INFO  [Log] Browser full screen 
2017-04-06 16:01:43,773 INFO  [Log] Web application launched successfully 
2017-04-06 16:01:43,773 INFO  [Log] New driver instantiated 
2017-04-06 16:01:43,826 INFO  [Log] Implicit wait applied on the driver for 10 seconds 
2017-04-06 16:01:43,860 INFO  [Log] Browser full screen 
2017-04-06 16:01:44,071 INFO  [Log] Web application launched successfully 
2017-04-06 16:01:44,863 INFO  [Log] Username text box is found on the Login Page 
2017-04-06 16:01:46,876 INFO  [Log] Password text box is found on the Login_Page 
2017-04-06 16:01:47,007 INFO  [Log] Submit button is found on the Login_Page 
2017-04-06 16:01:47,361 INFO  [Log] LogIn successful 
2017-04-06 16:01:47,403 INFO  [Log]  Link Dat Mua Hoa Ngay Quan Trong is found on the San Pham Moi 
2017-04-06 16:01:47,794 INFO  [Log]  Textbox so luong is found on the Flower Shop 
2017-04-06 16:01:47,875 INFO  [Log]  Textbox so luong is found on the Flower Shop 
2017-04-06 16:01:48,045 INFO  [Log] sluong1.2 
2017-04-06 16:01:48,243 INFO  [Log]  Link Cap nhat gio hang is found on the Flower Shop 
2017-04-06 16:01:49,381 ERROR [Log] Test Case 9 Failed because of VerificationKhi nhap so luong la so thuc khong thong bao loi 
2017-04-06 16:01:49,382 INFO  [Log] XXXXXXXXXXXXXXXXXXXXXXX             -E---N---D-             XXXXXXXXXXXXXXXXXXXXXX 
2017-04-06 16:01:49,382 INFO  [Log] X 
2017-04-06 16:01:49,382 INFO  [Log] X 
2017-04-06 16:01:50,109 INFO  [Log] **************************************************************************************** 
2017-04-06 16:01:50,110 INFO  [Log] $$$$$$$$$$$$$$$$$$$$$                 Shop Carts       $$$$$$$$$$$$$$$$$$$$$$$$$ 
2017-04-06 16:01:50,110 INFO  [Log] **************************************************************************************** 
2017-04-06 16:01:50,211 INFO  [Log] Excel sheet opened 
2017-04-06 16:01:50,211 INFO  [Log] Excel sheet opened 
2017-04-06 16:02:00,629 INFO  [Log] New driver instantiated 
2017-04-06 16:02:01,383 INFO  [Log] Implicit wait applied on the driver for 20 seconds 
2017-04-06 16:02:01,456 INFO  [Log] Browser full screen 
2017-04-06 16:02:03,140 INFO  [Log] Web application launched successfully 
2017-04-06 16:02:03,140 INFO  [Log] New driver instantiated 
2017-04-06 16:02:03,287 INFO  [Log] Implicit wait applied on the driver for 10 seconds 
2017-04-06 16:02:03,338 INFO  [Log] Browser full screen 
2017-04-06 16:02:03,697 INFO  [Log] Web application launched successfully 
2017-04-06 16:02:03,826 INFO  [Log] Username text box is found on the Login Page 
2017-04-06 16:02:09,591 INFO  [Log] Password text box is found on the Login_Page 
2017-04-06 16:02:09,946 INFO  [Log] Submit button is found on the Login_Page 
2017-04-06 16:02:10,397 INFO  [Log] LogIn successful 
2017-04-06 16:02:10,437 INFO  [Log]  Link Dat Mua Hoa Ngay Quan Trong is found on the San Pham Moi 
2017-04-06 16:02:11,028 INFO  [Log]  Textbox so luong is found on the Flower Shop 
2017-04-06 16:02:11,126 INFO  [Log]  Textbox so luong is found on the Flower Shop 
2017-04-06 16:02:11,387 INFO  [Log]  Link Cap nhat gio hang is found on the Flower Shop 
2017-04-06 16:02:12,557 ERROR [Log] Test Case 10 Failed because of VerificationKhi nhap so luong la chu khong thong bao loi 
2017-04-06 16:02:12,557 INFO  [Log] XXXXXXXXXXXXXXXXXXXXXXX             -E---N---D-             XXXXXXXXXXXXXXXXXXXXXX 
2017-04-06 16:02:12,557 INFO  [Log] X 
2017-04-06 16:02:12,557 INFO  [Log] X 
2017-04-06 16:02:13,163 INFO  [Log] **************************************************************************************** 
2017-04-06 16:02:13,163 INFO  [Log] $$$$$$$$$$$$$$$$$$$$$                 Shop Carts       $$$$$$$$$$$$$$$$$$$$$$$$$ 
2017-04-06 16:02:13,163 INFO  [Log] **************************************************************************************** 
2017-04-06 16:02:13,235 INFO  [Log] Excel sheet opened 
2017-04-06 16:02:13,235 INFO  [Log] Excel sheet opened 
2017-04-06 16:02:23,842 INFO  [Log] New driver instantiated 
2017-04-06 16:02:24,631 INFO  [Log] Implicit wait applied on the driver for 20 seconds 
2017-04-06 16:02:25,611 INFO  [Log] Browser full screen 
2017-04-06 16:02:27,201 INFO  [Log] Web application launched successfully 
2017-04-06 16:02:27,201 INFO  [Log] New driver instantiated 
2017-04-06 16:02:27,486 INFO  [Log] Implicit wait applied on the driver for 10 seconds 
2017-04-06 16:02:27,677 INFO  [Log] Browser full screen 
2017-04-06 16:02:28,169 INFO  [Log] Web application launched successfully 
2017-04-06 16:02:28,527 INFO  [Log] Username text box is found on the Login Page 
2017-04-06 16:02:28,672 INFO  [Log] Password text box is found on the Login_Page 
2017-04-06 16:02:30,822 INFO  [Log] Submit button is found on the Login_Page 
2017-04-06 16:02:31,175 INFO  [Log] LogIn successful 
2017-04-06 16:02:31,375 INFO  [Log]  Link Dat Mua Hoa Ngay Quan Trong is found on the San Pham Moi 
2017-04-06 16:02:31,748 INFO  [Log]  Textbox so luong is found on the Flower Shop 
2017-04-06 16:02:31,827 INFO  [Log]  Textbox so luong is found on the Flower Shop 
2017-04-06 16:02:32,082 INFO  [Log]  Link Cap nhat gio hang is found on the Flower Shop 
2017-04-06 16:02:33,654 ERROR [Log] Test Case 11 Failed because of VerificationÐ? tr?ng s? lý?ng khong thong bao loi 
2017-04-06 16:02:33,654 INFO  [Log] XXXXXXXXXXXXXXXXXXXXXXX             -E---N---D-             XXXXXXXXXXXXXXXXXXXXXX 
2017-04-06 16:02:33,655 INFO  [Log] X 
2017-04-06 16:02:33,655 INFO  [Log] X 
2017-04-06 16:02:34,633 INFO  [Log] **************************************************************************************** 
2017-04-06 16:02:34,639 INFO  [Log] $$$$$$$$$$$$$$$$$$$$$                 Shop Carts       $$$$$$$$$$$$$$$$$$$$$$$$$ 
2017-04-06 16:02:34,639 INFO  [Log] **************************************************************************************** 
2017-04-06 16:02:34,705 INFO  [Log] Excel sheet opened 
2017-04-06 16:02:34,705 INFO  [Log] Excel sheet opened 
2017-04-06 16:02:45,766 INFO  [Log] New driver instantiated 
2017-04-06 16:02:46,602 INFO  [Log] Implicit wait applied on the driver for 20 seconds 
2017-04-06 16:02:46,700 INFO  [Log] Browser full screen 
2017-04-06 16:02:47,818 INFO  [Log] Web application launched successfully 
2017-04-06 16:02:47,818 INFO  [Log] New driver instantiated 
2017-04-06 16:02:47,869 INFO  [Log] Implicit wait applied on the driver for 10 seconds 
2017-04-06 16:02:47,908 INFO  [Log] Browser full screen 
2017-04-06 16:02:48,131 INFO  [Log] Web application launched successfully 
2017-04-06 16:02:49,173 INFO  [Log] Username text box is found on the Login Page 
2017-04-06 16:02:51,199 INFO  [Log] Password text box is found on the Login_Page 
2017-04-06 16:02:51,481 INFO  [Log] Submit button is found on the Login_Page 
2017-04-06 16:02:52,010 INFO  [Log] LogIn successful 
2017-04-06 16:02:52,696 INFO  [Log]  Link Dat Mua Hoa Ngay Quan Trong is found on the San Pham Moi 
2017-04-06 16:02:53,081 INFO  [Log]  Textbox so luong is found on the Flower Shop 
2017-04-06 16:02:53,151 INFO  [Log]  Textbox so luong is found on the Flower Shop 
2017-04-06 16:02:53,528 INFO  [Log]  Link Cap nhat gio hang is found on the Flower Shop 
2017-04-06 16:02:54,692 INFO  [Log] Check STT successfuly 
2017-04-06 16:02:54,692 INFO  [Log] Check ten hoa successfuly 
2017-04-06 16:02:54,692 INFO  [Log] Check soluong successfuly 
2017-04-06 16:02:54,692 INFO  [Log] Check don gia  successfuly 
2017-04-06 16:02:54,692 INFO  [Log] Check thanh tien  successfuly 165000 
2017-04-06 16:02:54,692 INFO  [Log] Kiem tra tong tien thanh cong165000 
2017-04-06 16:02:54,785 INFO  [Log] Test Case 12 Passed because of Verification 
2017-04-06 16:02:54,786 INFO  [Log] XXXXXXXXXXXXXXXXXXXXXXX             -E---N---D-             XXXXXXXXXXXXXXXXXXXXXX 
2017-04-06 16:02:54,786 INFO  [Log] X 
2017-04-06 16:02:54,786 INFO  [Log] X 
2017-04-06 16:02:55,237 INFO  [Log] **************************************************************************************** 
2017-04-06 16:02:55,237 INFO  [Log] $$$$$$$$$$$$$$$$$$$$$                 Shop Carts       $$$$$$$$$$$$$$$$$$$$$$$$$ 
2017-04-06 16:02:55,237 INFO  [Log] **************************************************************************************** 
2017-04-06 16:02:55,319 INFO  [Log] Excel sheet opened 
2017-04-06 16:02:55,319 INFO  [Log] Excel sheet opened 
2017-04-06 16:03:06,243 INFO  [Log] New driver instantiated 
2017-04-06 16:03:06,341 INFO  [Log] Implicit wait applied on the driver for 20 seconds 
2017-04-06 16:03:07,359 INFO  [Log] Browser full screen 
2017-04-06 16:03:08,374 INFO  [Log] Web application launched successfully 
2017-04-06 16:03:08,375 INFO  [Log] New driver instantiated 
2017-04-06 16:03:08,445 INFO  [Log] Implicit wait applied on the driver for 10 seconds 
2017-04-06 16:03:08,500 INFO  [Log] Browser full screen 
2017-04-06 16:03:10,170 INFO  [Log] Web application launched successfully 
2017-04-06 16:03:10,272 INFO  [Log] Username text box is found on the Login Page 
2017-04-06 16:03:12,498 INFO  [Log] Password text box is found on the Login_Page 
2017-04-06 16:03:12,886 INFO  [Log] Submit button is found on the Login_Page 
2017-04-06 16:03:13,722 INFO  [Log] LogIn successful 
2017-04-06 16:03:13,995 INFO  [Log]  Link Dat Mua Hoa Ngay Quan Trong is found on the San Pham Moi 
2017-04-06 16:03:14,331 INFO  [Log]  Textbox so luong is found on the Flower Shop 
2017-04-06 16:03:14,401 INFO  [Log]  Textbox so luong is found on the Flower Shop 
2017-04-06 16:03:14,661 INFO  [Log]  Link Cap nhat gio hang is found on the Flower Shop 
2017-04-06 16:03:15,310 INFO  [Log] Check STT successfuly 
2017-04-06 16:03:15,310 INFO  [Log] Check ten hoa successfuly 
2017-04-06 16:03:15,861 ERROR [Log] Test Case 13 Failed because of VerificationERROR S? Lý?ng 
2017-04-06 16:03:15,861 ERROR [Log] Check so luong  not successfuly 
2017-04-06 16:03:15,861 INFO  [Log] Check don gia  successfuly 
2017-04-06 16:03:16,434 ERROR [Log] Test Case 13 Failed because of VerificationERROR Thành Ti?n 
2017-04-06 16:03:16,434 ERROR [Log] Check thanh tien  not successfuly 
2017-04-06 16:03:16,434 INFO  [Log] Kiem tra tong tien thanh cong180000 
2017-04-06 16:03:17,133 ERROR [Log] Test Case 13 Failed because of VerificationNh?p s? lý?ng 3 ch? s? c?p nh?t không thành công 
2017-04-06 16:03:17,134 INFO  [Log] XXXXXXXXXXXXXXXXXXXXXXX             -E---N---D-             XXXXXXXXXXXXXXXXXXXXXX 
2017-04-06 16:03:17,134 INFO  [Log] X 
2017-04-06 16:03:17,134 INFO  [Log] X 
2017-04-06 16:03:18,098 INFO  [Log] **************************************************************************************** 
2017-04-06 16:03:18,098 INFO  [Log] $$$$$$$$$$$$$$$$$$$$$                 Shop Carts       $$$$$$$$$$$$$$$$$$$$$$$$$ 
2017-04-06 16:03:18,098 INFO  [Log] **************************************************************************************** 
2017-04-06 16:03:18,168 INFO  [Log] Excel sheet opened 
2017-04-06 16:03:18,168 INFO  [Log] Excel sheet opened 
2017-04-06 16:03:28,953 INFO  [Log] New driver instantiated 
2017-04-06 16:03:29,076 INFO  [Log] Implicit wait applied on the driver for 20 seconds 
2017-04-06 16:03:29,998 INFO  [Log] Browser full screen 
2017-04-06 16:03:30,752 INFO  [Log] Web application launched successfully 
2017-04-06 16:03:30,752 INFO  [Log] New driver instantiated 
2017-04-06 16:03:30,819 INFO  [Log] Implicit wait applied on the driver for 10 seconds 
2017-04-06 16:03:30,866 INFO  [Log] Browser full screen 
2017-04-06 16:03:31,094 INFO  [Log] Web application launched successfully 
2017-04-06 16:03:31,952 INFO  [Log] Username text box is found on the Login Page 
2017-04-06 16:03:34,483 INFO  [Log] Password text box is found on the Login_Page 
2017-04-06 16:03:35,097 INFO  [Log] Submit button is found on the Login_Page 
2017-04-06 16:03:35,844 INFO  [Log] LogIn successful 
2017-04-06 16:03:35,884 INFO  [Log]  Link Dat Mua Hoa Ngay Quan Trong is found on the San Pham Moi 
2017-04-06 16:03:36,581 INFO  [Log]  Link Xoa is found on the Flower Shop 
2017-04-06 16:03:37,151 INFO  [Log] Test Case 14 Passed because of Verification 
2017-04-06 16:03:37,152 INFO  [Log] XXXXXXXXXXXXXXXXXXXXXXX             -E---N---D-             XXXXXXXXXXXXXXXXXXXXXX 
2017-04-06 16:03:37,152 INFO  [Log] X 
2017-04-06 16:03:37,152 INFO  [Log] X 
2017-04-06 16:03:37,731 INFO  [Log] **************************************************************************************** 
2017-04-06 16:03:37,732 INFO  [Log] $$$$$$$$$$$$$$$$$$$$$                 Shop Carts       $$$$$$$$$$$$$$$$$$$$$$$$$ 
2017-04-06 16:03:37,733 INFO  [Log] **************************************************************************************** 
2017-04-06 16:03:37,837 INFO  [Log] Excel sheet opened 
2017-04-06 16:03:37,837 INFO  [Log] Excel sheet opened 
2017-04-06 16:03:48,731 INFO  [Log] New driver instantiated 
2017-04-06 16:03:48,781 INFO  [Log] Implicit wait applied on the driver for 20 seconds 
2017-04-06 16:03:48,981 INFO  [Log] Browser full screen 
2017-04-06 16:03:49,638 INFO  [Log] Web application launched successfully 
2017-04-06 16:03:49,638 INFO  [Log] New driver instantiated 
2017-04-06 16:03:50,072 INFO  [Log] Implicit wait applied on the driver for 10 seconds 
2017-04-06 16:03:50,128 INFO  [Log] Browser full screen 
2017-04-06 16:03:50,806 INFO  [Log] Web application launched successfully 
2017-04-06 16:03:51,063 INFO  [Log] Username text box is found on the Login Page 
2017-04-06 16:03:53,519 INFO  [Log] Password text box is found on the Login_Page 
2017-04-06 16:03:53,665 INFO  [Log] Submit button is found on the Login_Page 
2017-04-06 16:03:54,430 INFO  [Log] LogIn successful 
2017-04-06 16:03:54,863 INFO  [Log]  Link Gio hang is found on the Flower Shop 
2017-04-06 16:03:55,393 INFO  [Log]  Link Them is found on the Flower Shop 
2017-04-06 16:03:55,735 INFO  [Log] Click them 
2017-04-06 16:03:56,255 INFO  [Log] Test Case 15 Passed because of Verification 
2017-04-06 16:03:56,256 INFO  [Log] XXXXXXXXXXXXXXXXXXXXXXX             -E---N---D-             XXXXXXXXXXXXXXXXXXXXXX 
2017-04-06 16:03:56,256 INFO  [Log] X 
2017-04-06 16:03:56,256 INFO  [Log] X 
2017-04-06 16:03:56,945 INFO  [Log] **************************************************************************************** 
2017-04-06 16:03:56,945 INFO  [Log] $$$$$$$$$$$$$$$$$$$$$                 Shop Carts       $$$$$$$$$$$$$$$$$$$$$$$$$ 
2017-04-06 16:03:56,945 INFO  [Log] **************************************************************************************** 
2017-04-06 16:03:57,040 INFO  [Log] Excel sheet opened 
2017-04-06 16:03:57,040 INFO  [Log] Excel sheet opened 
2017-04-06 16:04:07,501 INFO  [Log] New driver instantiated 
2017-04-06 16:04:08,174 INFO  [Log] Implicit wait applied on the driver for 20 seconds 
2017-04-06 16:04:08,308 INFO  [Log] Browser full screen 
2017-04-06 16:04:10,768 INFO  [Log] Web application launched successfully 
2017-04-06 16:04:10,768 INFO  [Log] New driver instantiated 
2017-04-06 16:04:11,011 INFO  [Log] Implicit wait applied on the driver for 10 seconds 
2017-04-06 16:04:11,049 INFO  [Log] Browser full screen 
2017-04-06 16:04:11,913 INFO  [Log] Web application launched successfully 
2017-04-06 16:04:12,035 INFO  [Log] Username text box is found on the Login Page 
2017-04-06 16:04:14,026 INFO  [Log] Password text box is found on the Login_Page 
2017-04-06 16:04:14,136 INFO  [Log] Submit button is found on the Login_Page 
2017-04-06 16:04:14,454 INFO  [Log] LogIn successful 
2017-04-06 16:04:14,539 INFO  [Log]  Link Gio hang is found on the Flower Shop 
2017-04-06 16:04:14,982 INFO  [Log] Test Case 16 Passed because of Verification 
2017-04-06 16:04:14,987 INFO  [Log] XXXXXXXXXXXXXXXXXXXXXXX             -E---N---D-             XXXXXXXXXXXXXXXXXXXXXX 
2017-04-06 16:04:14,987 INFO  [Log] X 
2017-04-06 16:04:14,987 INFO  [Log] X 
2017-04-06 16:04:15,582 INFO  [Log] **************************************************************************************** 
2017-04-06 16:04:15,582 INFO  [Log] $$$$$$$$$$$$$$$$$$$$$                 Shop Carts       $$$$$$$$$$$$$$$$$$$$$$$$$ 
2017-04-06 16:04:15,582 INFO  [Log] **************************************************************************************** 
2017-04-06 16:04:15,641 INFO  [Log] Excel sheet opened 
2017-04-06 16:04:15,641 INFO  [Log] Excel sheet opened 
2017-04-06 16:04:25,968 INFO  [Log] New driver instantiated 
2017-04-06 16:04:26,036 INFO  [Log] Implicit wait applied on the driver for 20 seconds 
2017-04-06 16:04:26,832 INFO  [Log] Browser full screen 
2017-04-06 16:04:27,732 INFO  [Log] Web application launched successfully 
2017-04-06 16:04:27,732 INFO  [Log] New driver instantiated 
2017-04-06 16:04:28,259 INFO  [Log] Implicit wait applied on the driver for 10 seconds 
2017-04-06 16:04:28,607 INFO  [Log] Browser full screen 
2017-04-06 16:04:29,131 INFO  [Log] Web application launched successfully 
2017-04-06 16:04:29,332 INFO  [Log] Username text box is found on the Login Page 
2017-04-06 16:04:32,527 INFO  [Log] Password text box is found on the Login_Page 
2017-04-06 16:04:32,816 INFO  [Log] Submit button is found on the Login_Page 
2017-04-06 16:04:33,200 INFO  [Log] LogIn successful 
2017-04-06 16:04:33,276 INFO  [Log]  Link Gio hang is found on the Flower Shop 
2017-04-06 16:04:33,791 INFO  [Log]  Link Thanh Toan is found on the Flower Shop 
2017-04-06 16:04:34,160 INFO  [Log]  Form Thong tin nguoi Thanh Toan is found on the Flower Shop 
2017-04-06 16:04:34,196 ERROR [Log] failed gio hang 
2017-04-06 16:04:34,757 ERROR [Log] Test Case 17 Failed because of VerificationTrong gi? hàng không có sp v?n click ðý?c vào thanh toan  
2017-04-06 16:04:34,757 INFO  [Log] XXXXXXXXXXXXXXXXXXXXXXX             -E---N---D-             XXXXXXXXXXXXXXXXXXXXXX 
2017-04-06 16:04:34,757 INFO  [Log] X 
2017-04-06 16:04:34,757 INFO  [Log] X 
2017-04-06 16:04:35,203 INFO  [Log] **************************************************************************************** 
2017-04-06 16:04:35,203 INFO  [Log] $$$$$$$$$$$$$$$$$$$$$                 Shop Carts       $$$$$$$$$$$$$$$$$$$$$$$$$ 
2017-04-06 16:04:35,203 INFO  [Log] **************************************************************************************** 
2017-04-06 16:04:35,256 INFO  [Log] Excel sheet opened 
2017-04-06 16:04:35,256 INFO  [Log] Excel sheet opened 
2017-04-06 16:04:50,245 INFO  [Log] New driver instantiated 
2017-04-06 16:04:50,916 INFO  [Log] Implicit wait applied on the driver for 20 seconds 
2017-04-06 16:04:51,059 INFO  [Log] Browser full screen 
2017-04-06 16:04:53,207 INFO  [Log] Web application launched successfully 
2017-04-06 16:04:53,207 INFO  [Log] New driver instantiated 
2017-04-06 16:04:53,252 INFO  [Log] Implicit wait applied on the driver for 10 seconds 
2017-04-06 16:04:53,304 INFO  [Log] Browser full screen 
2017-04-06 16:04:53,621 INFO  [Log] Web application launched successfully 
2017-04-06 16:04:53,727 INFO  [Log] Username text box is found on the Login Page 
2017-04-06 16:04:57,655 INFO  [Log] Password text box is found on the Login_Page 
2017-04-06 16:04:58,226 INFO  [Log] Submit button is found on the Login_Page 
2017-04-06 16:04:58,522 INFO  [Log] LogIn successful 
2017-04-06 16:04:58,569 INFO  [Log]  Link Dat Mua Hoa Ngay Quan Trong is found on the San Pham Moi 
2017-04-06 16:04:59,120 INFO  [Log]  Link Thanh Toan is found on the Flower Shop 
2017-04-06 16:04:59,473 INFO  [Log]  Check Thong tin nguoi Thanh Toan table 2 is found on the Flower Shop 
2017-04-06 16:04:59,516 INFO  [Log] Ho ten :Nguy?n Hýõng 
2017-04-06 16:04:59,547 INFO  [Log]  Check Thong tin nguoi Thanh Toan table 3 is found on the Flower Shop 
2017-04-06 16:04:59,576 INFO  [Log] Email :nguyenthihuong5795@gmail.com 
2017-04-06 16:04:59,609 INFO  [Log]  Check Thong tin nguoi Thanh Toan table 4 is found on the Flower Shop 
2017-04-06 16:04:59,643 INFO  [Log] SDT :1698795199 
2017-04-06 16:04:59,670 INFO  [Log]  Check Thong tin nguoi Thanh Toan table 5 is found on the Flower Shop 
2017-04-06 16:04:59,698 INFO  [Log] DiaChi :H?i Toàn - H?i H?u - Nam Ð?nh 
2017-04-06 16:04:59,727 INFO  [Log]  Form Thong tin nguoi Thanh Toan is found on the Flower Shop 
2017-04-06 16:04:59,777 INFO  [Log]  Form giao hang is found on the Flower Shop 
2017-04-06 16:05:01,134 INFO  [Log] Connect database susscessfully 
2017-04-06 16:05:01,138 INFO  [Log] Ho va ten : Nguy?n Hýõng co trong CSDL 
2017-04-06 16:05:01,138 INFO  [Log] Email : nguyenthihuong5795@gmail.com co trong CSDL 
2017-04-06 16:05:01,138 INFO  [Log] Sdt : 1698795199 co trong CSDL 
2017-04-06 16:05:01,138 INFO  [Log] DiaChi : H?i Toàn - H?i H?u - Nam Ð?nh co trong CSDL 
2017-04-06 16:05:01,138 INFO  [Log] Check connect 
2017-04-06 16:05:01,239 INFO  [Log] Test Case 18 Passed because of Verification 
2017-04-06 16:05:01,240 INFO  [Log] XXXXXXXXXXXXXXXXXXXXXXX             -E---N---D-             XXXXXXXXXXXXXXXXXXXXXX 
2017-04-06 16:05:01,240 INFO  [Log] X 
2017-04-06 16:05:01,240 INFO  [Log] X 
2017-04-06 16:05:01,805 INFO  [Log] **************************************************************************************** 
2017-04-06 16:05:01,806 INFO  [Log] $$$$$$$$$$$$$$$$$$$$$                 Shop Carts       $$$$$$$$$$$$$$$$$$$$$$$$$ 
2017-04-06 16:05:01,806 INFO  [Log] **************************************************************************************** 
2017-04-06 16:05:01,868 INFO  [Log] Excel sheet opened 
2017-04-06 16:05:01,868 INFO  [Log] Excel sheet opened 
2017-04-06 16:05:11,176 INFO  [Log] New driver instantiated 
2017-04-06 16:05:11,215 INFO  [Log] Implicit wait applied on the driver for 20 seconds 
2017-04-06 16:05:11,978 INFO  [Log] Browser full screen 
2017-04-06 16:05:12,899 INFO  [Log] Web application launched successfully 
2017-04-06 16:05:12,899 INFO  [Log] New driver instantiated 
2017-04-06 16:05:12,937 INFO  [Log] Implicit wait applied on the driver for 10 seconds 
2017-04-06 16:05:13,002 INFO  [Log] Browser full screen 
2017-04-06 16:05:14,167 INFO  [Log] Web application launched successfully 
2017-04-06 16:05:14,484 INFO  [Log] Username text box is found on the Login Page 
2017-04-06 16:05:16,379 INFO  [Log] Password text box is found on the Login_Page 
2017-04-06 16:05:16,917 INFO  [Log] Submit button is found on the Login_Page 
2017-04-06 16:05:17,627 INFO  [Log] LogIn successful 
2017-04-06 16:05:17,665 INFO  [Log]  Link Dat Mua Hoa Ngay Quan Trong is found on the San Pham Moi 
2017-04-06 16:05:18,216 INFO  [Log]  Link Thanh Toan is found on the Flower Shop 
2017-04-06 16:05:18,562 INFO  [Log]  TextBox ngay giao hang is found on the Flower Shop 
2017-04-06 16:05:18,649 INFO  [Log]  TextBox Dia Chi Giao Hang is found on the Flower Shop 
2017-04-06 16:05:18,841 INFO  [Log]  Button Thanh Toan is found on the Flower Shop 
2017-04-06 16:05:19,023 INFO  [Log]  Message ngay giao hang is found on the Flower Shop 
2017-04-06 16:05:19,178 INFO  [Log] Test Case 19 Passed because of Verification 
2017-04-06 16:05:19,179 INFO  [Log] XXXXXXXXXXXXXXXXXXXXXXX             -E---N---D-             XXXXXXXXXXXXXXXXXXXXXX 
2017-04-06 16:05:19,179 INFO  [Log] X 
2017-04-06 16:05:19,179 INFO  [Log] X 
2017-04-06 16:05:19,604 INFO  [Log] **************************************************************************************** 
2017-04-06 16:05:19,605 INFO  [Log] $$$$$$$$$$$$$$$$$$$$$                 Shop Carts       $$$$$$$$$$$$$$$$$$$$$$$$$ 
2017-04-06 16:05:19,605 INFO  [Log] **************************************************************************************** 
2017-04-06 16:05:19,710 INFO  [Log] Excel sheet opened 
2017-04-06 16:05:19,710 INFO  [Log] Excel sheet opened 
2017-04-06 16:05:30,429 INFO  [Log] New driver instantiated 
2017-04-06 16:05:31,135 INFO  [Log] Implicit wait applied on the driver for 20 seconds 
2017-04-06 16:05:31,221 INFO  [Log] Browser full screen 
2017-04-06 16:05:32,657 INFO  [Log] Web application launched successfully 
2017-04-06 16:05:32,657 INFO  [Log] New driver instantiated 
2017-04-06 16:05:32,916 INFO  [Log] Implicit wait applied on the driver for 10 seconds 
2017-04-06 16:05:32,947 INFO  [Log] Browser full screen 
2017-04-06 16:05:33,211 INFO  [Log] Web application launched successfully 
2017-04-06 16:05:33,347 INFO  [Log] Username text box is found on the Login Page 
2017-04-06 16:05:36,238 INFO  [Log] Password text box is found on the Login_Page 
2017-04-06 16:05:36,395 INFO  [Log] Submit button is found on the Login_Page 
2017-04-06 16:05:36,889 INFO  [Log] LogIn successful 
2017-04-06 16:05:37,123 INFO  [Log]  Link Dat Mua Hoa Ngay Quan Trong is found on the San Pham Moi 
2017-04-06 16:05:38,139 INFO  [Log]  Link Thanh Toan is found on the Flower Shop 
2017-04-06 16:05:38,615 INFO  [Log]  TextBox ngay giao hang is found on the Flower Shop 
2017-04-06 16:05:38,735 INFO  [Log]  TextBox Dia Chi Giao Hang is found on the Flower Shop 
2017-04-06 16:05:38,939 INFO  [Log]  Button Thanh Toan is found on the Flower Shop 
2017-04-06 16:05:39,303 INFO  [Log]  Link thanh toan pass is found on the Flower Shop 
2017-04-06 16:05:39,901 ERROR [Log] Test Case 20 Failed because of VerificationNh?p ngày giao hàng là ch? không báo l?i  
2017-04-06 16:05:39,901 INFO  [Log] XXXXXXXXXXXXXXXXXXXXXXX             -E---N---D-             XXXXXXXXXXXXXXXXXXXXXX 
2017-04-06 16:05:39,901 INFO  [Log] X 
2017-04-06 16:05:39,901 INFO  [Log] X 
2017-04-06 16:05:40,326 INFO  [Log] **************************************************************************************** 
2017-04-06 16:05:40,326 INFO  [Log] $$$$$$$$$$$$$$$$$$$$$                 Shop Carts       $$$$$$$$$$$$$$$$$$$$$$$$$ 
2017-04-06 16:05:40,326 INFO  [Log] **************************************************************************************** 
2017-04-06 16:05:40,420 INFO  [Log] Excel sheet opened 
2017-04-06 16:05:40,420 INFO  [Log] Excel sheet opened 
2017-04-06 16:05:50,987 INFO  [Log] New driver instantiated 
2017-04-06 16:05:51,058 INFO  [Log] Implicit wait applied on the driver for 20 seconds 
2017-04-06 16:05:51,165 INFO  [Log] Browser full screen 
2017-04-06 16:05:52,490 INFO  [Log] Web application launched successfully 
2017-04-06 16:05:52,490 INFO  [Log] New driver instantiated 
2017-04-06 16:05:52,691 INFO  [Log] Implicit wait applied on the driver for 10 seconds 
2017-04-06 16:05:52,740 INFO  [Log] Browser full screen 
2017-04-06 16:05:53,839 INFO  [Log] Web application launched successfully 
2017-04-06 16:05:53,947 INFO  [Log] Username text box is found on the Login Page 
2017-04-06 16:05:56,095 INFO  [Log] Password text box is found on the Login_Page 
2017-04-06 16:05:56,262 INFO  [Log] Submit button is found on the Login_Page 
2017-04-06 16:05:56,702 INFO  [Log] LogIn successful 
2017-04-06 16:05:56,745 INFO  [Log]  Link Dat Mua Hoa Ngay Quan Trong is found on the San Pham Moi 
2017-04-06 16:05:57,491 INFO  [Log]  Link Thanh Toan is found on the Flower Shop 
2017-04-06 16:05:57,942 INFO  [Log]  TextBox ngay giao hang is found on the Flower Shop 
2017-04-06 16:05:58,042 INFO  [Log]  TextBox Dia Chi Giao Hang is found on the Flower Shop 
2017-04-06 16:05:58,239 INFO  [Log]  Button Thanh Toan is found on the Flower Shop 
2017-04-06 16:05:58,569 INFO  [Log]  Link thanh toan pass is found on the Flower Shop 
2017-04-06 16:05:59,128 ERROR [Log] Test Case 21 Failed because of VerificationNh?p ngày giao hàng là s? không ðúng ð?nh d?ng không báo l?i  
2017-04-06 16:05:59,128 INFO  [Log] XXXXXXXXXXXXXXXXXXXXXXX             -E---N---D-             XXXXXXXXXXXXXXXXXXXXXX 
2017-04-06 16:05:59,128 INFO  [Log] X 
2017-04-06 16:05:59,128 INFO  [Log] X 
2017-04-06 16:05:59,625 INFO  [Log] **************************************************************************************** 
2017-04-06 16:05:59,625 INFO  [Log] $$$$$$$$$$$$$$$$$$$$$                 Shop Carts       $$$$$$$$$$$$$$$$$$$$$$$$$ 
2017-04-06 16:05:59,625 INFO  [Log] **************************************************************************************** 
2017-04-06 16:05:59,721 INFO  [Log] Excel sheet opened 
2017-04-06 16:05:59,721 INFO  [Log] Excel sheet opened 
2017-04-06 16:06:10,581 INFO  [Log] New driver instantiated 
2017-04-06 16:06:10,632 INFO  [Log] Implicit wait applied on the driver for 20 seconds 
2017-04-06 16:06:11,391 INFO  [Log] Browser full screen 
2017-04-06 16:06:12,149 INFO  [Log] Web application launched successfully 
2017-04-06 16:06:12,149 INFO  [Log] New driver instantiated 
2017-04-06 16:06:12,176 INFO  [Log] Implicit wait applied on the driver for 10 seconds 
2017-04-06 16:06:12,205 INFO  [Log] Browser full screen 
2017-04-06 16:06:12,783 INFO  [Log] Web application launched successfully 
2017-04-06 16:06:12,903 INFO  [Log] Username text box is found on the Login Page 
2017-04-06 16:06:15,775 INFO  [Log] Password text box is found on the Login_Page 
2017-04-06 16:06:15,939 INFO  [Log] Submit button is found on the Login_Page 
2017-04-06 16:06:16,349 INFO  [Log] LogIn successful 
2017-04-06 16:06:16,406 INFO  [Log]  Link Dat Mua Hoa Ngay Quan Trong is found on the San Pham Moi 
2017-04-06 16:06:17,210 INFO  [Log]  Link Thanh Toan is found on the Flower Shop 
2017-04-06 16:06:17,563 INFO  [Log]  TextBox ngay giao hang is found on the Flower Shop 
2017-04-06 16:06:17,700 INFO  [Log]  TextBox Dia Chi Giao Hang is found on the Flower Shop 
2017-04-06 16:06:17,833 INFO  [Log]  Button Thanh Toan is found on the Flower Shop 
2017-04-06 16:06:18,167 INFO  [Log]  Link thanh toan pass is found on the Flower Shop 
2017-04-06 16:06:18,740 ERROR [Log] Test Case 22 Failed because of VerificationNh?p ngày nh? hõn ngày hi?n t?i v?n thanh toán thành công 
2017-04-06 16:06:18,741 INFO  [Log] XXXXXXXXXXXXXXXXXXXXXXX             -E---N---D-             XXXXXXXXXXXXXXXXXXXXXX 
2017-04-06 16:06:18,741 INFO  [Log] X 
2017-04-06 16:06:18,741 INFO  [Log] X 
2017-04-06 16:06:19,241 INFO  [Log] **************************************************************************************** 
2017-04-06 16:06:19,242 INFO  [Log] $$$$$$$$$$$$$$$$$$$$$                 Shop Carts       $$$$$$$$$$$$$$$$$$$$$$$$$ 
2017-04-06 16:06:19,242 INFO  [Log] **************************************************************************************** 
2017-04-06 16:06:19,306 INFO  [Log] Excel sheet opened 
2017-04-06 16:06:19,306 INFO  [Log] Excel sheet opened 
2017-04-06 16:06:29,803 INFO  [Log] New driver instantiated 
2017-04-06 16:06:29,870 INFO  [Log] Implicit wait applied on the driver for 20 seconds 
2017-04-06 16:06:30,639 INFO  [Log] Browser full screen 
2017-04-06 16:06:31,438 INFO  [Log] Web application launched successfully 
2017-04-06 16:06:31,438 INFO  [Log] New driver instantiated 
2017-04-06 16:06:31,509 INFO  [Log] Implicit wait applied on the driver for 10 seconds 
2017-04-06 16:06:32,117 INFO  [Log] Browser full screen 
2017-04-06 16:06:32,403 INFO  [Log] Web application launched successfully 
2017-04-06 16:06:32,500 INFO  [Log] Username text box is found on the Login Page 
2017-04-06 16:06:35,031 INFO  [Log] Password text box is found on the Login_Page 
2017-04-06 16:06:35,667 INFO  [Log] Submit button is found on the Login_Page 
2017-04-06 16:06:36,353 INFO  [Log] LogIn successful 
2017-04-06 16:06:36,391 INFO  [Log]  Link Dat Mua Hoa Ngay Quan Trong is found on the San Pham Moi 
2017-04-06 16:06:36,935 INFO  [Log]  Link Thanh Toan is found on the Flower Shop 
2017-04-06 16:06:37,306 INFO  [Log]  TextBox Dia Chi Giao Hang is found on the Flower Shop 
2017-04-06 16:06:37,413 INFO  [Log]  TextBox ngay giao hang is found on the Flower Shop 
2017-04-06 16:06:37,523 INFO  [Log]  TextBox Dia Chi Giao Hang is found on the Flower Shop 
2017-04-06 16:06:37,614 INFO  [Log]  Button Thanh Toan is found on the Flower Shop 
2017-04-06 16:06:37,935 INFO  [Log]  Link thanh toan pass is found on the Flower Shop 
2017-04-06 16:06:38,497 ERROR [Log] Test Case 23 Failed because of VerificationKhông nh?p ð?a ch? giao hàng v?n click thanh toán pass 
2017-04-06 16:06:38,497 INFO  [Log] XXXXXXXXXXXXXXXXXXXXXXX             -E---N---D-             XXXXXXXXXXXXXXXXXXXXXX 
2017-04-06 16:06:38,497 INFO  [Log] X 
2017-04-06 16:06:38,497 INFO  [Log] X 
2017-04-06 16:06:39,302 INFO  [Log] **************************************************************************************** 
2017-04-06 16:06:39,303 INFO  [Log] $$$$$$$$$$$$$$$$$$$$$                 Shop Carts       $$$$$$$$$$$$$$$$$$$$$$$$$ 
2017-04-06 16:06:39,303 INFO  [Log] **************************************************************************************** 
2017-04-06 16:06:39,373 INFO  [Log] Excel sheet opened 
2017-04-06 16:06:39,373 INFO  [Log] Excel sheet opened 
2017-04-06 16:06:48,898 INFO  [Log] New driver instantiated 
2017-04-06 16:06:48,994 INFO  [Log] Implicit wait applied on the driver for 20 seconds 
2017-04-06 16:06:49,933 INFO  [Log] Browser full screen 
2017-04-06 16:06:51,841 INFO  [Log] Web application launched successfully 
2017-04-06 16:06:51,841 INFO  [Log] New driver instantiated 
2017-04-06 16:06:52,011 INFO  [Log] Implicit wait applied on the driver for 10 seconds 
2017-04-06 16:06:52,049 INFO  [Log] Browser full screen 
2017-04-06 16:06:52,795 INFO  [Log] Web application launched successfully 
2017-04-06 16:06:53,181 INFO  [Log] Username text box is found on the Login Page 
2017-04-06 16:06:53,327 INFO  [Log] Password text box is found on the Login_Page 
2017-04-06 16:06:54,824 INFO  [Log] Submit button is found on the Login_Page 
2017-04-06 16:06:55,153 INFO  [Log] LogIn successful 
2017-04-06 16:06:55,194 INFO  [Log]  Link Dat Mua Hoa Ngay Quan Trong is found on the San Pham Moi 
2017-04-06 16:06:55,728 INFO  [Log]  Link Thanh Toan is found on the Flower Shop 
2017-04-06 16:06:56,091 INFO  [Log]  TextBox Dia Chi Giao Hang is found on the Flower Shop 
2017-04-06 16:06:56,202 INFO  [Log]  TextBox ngay giao hang is found on the Flower Shop 
2017-04-06 16:06:56,304 INFO  [Log]  TextBox Dia Chi Giao Hang is found on the Flower Shop 
2017-04-06 16:06:57,257 INFO  [Log]  Button Thanh Toan is found on the Flower Shop 
2017-04-06 16:06:57,588 INFO  [Log]  Link thanh toan pass is found on the Flower Shop 
2017-04-06 16:06:58,221 ERROR [Log] Test Case 24 Failed because of Verificationnh?p ð?a ch? giao hàng > 300 k? t? v?n click thanh toán pass 
2017-04-06 16:06:58,221 INFO  [Log] XXXXXXXXXXXXXXXXXXXXXXX             -E---N---D-             XXXXXXXXXXXXXXXXXXXXXX 
2017-04-06 16:06:58,221 INFO  [Log] X 
2017-04-06 16:06:58,221 INFO  [Log] X 
2017-04-06 16:06:58,691 INFO  [Log] **************************************************************************************** 
2017-04-06 16:06:58,691 INFO  [Log] $$$$$$$$$$$$$$$$$$$$$                 Shop Carts       $$$$$$$$$$$$$$$$$$$$$$$$$ 
2017-04-06 16:06:58,691 INFO  [Log] **************************************************************************************** 
2017-04-06 16:06:58,749 INFO  [Log] Excel sheet opened 
2017-04-06 16:06:58,749 INFO  [Log] Excel sheet opened 
2017-04-06 16:07:08,244 INFO  [Log] New driver instantiated 
2017-04-06 16:07:08,310 INFO  [Log] Implicit wait applied on the driver for 20 seconds 
2017-04-06 16:07:09,007 INFO  [Log] Browser full screen 
2017-04-06 16:07:11,010 INFO  [Log] Web application launched successfully 
2017-04-06 16:07:11,010 INFO  [Log] New driver instantiated 
2017-04-06 16:07:11,070 INFO  [Log] Implicit wait applied on the driver for 10 seconds 
2017-04-06 16:07:11,119 INFO  [Log] Browser full screen 
2017-04-06 16:07:12,244 INFO  [Log] Web application launched successfully 
2017-04-06 16:07:12,337 INFO  [Log] Username text box is found on the Login Page 
2017-04-06 16:07:14,018 INFO  [Log] Password text box is found on the Login_Page 
2017-04-06 16:07:14,643 INFO  [Log] Submit button is found on the Login_Page 
2017-04-06 16:07:15,025 INFO  [Log] LogIn successful 
2017-04-06 16:07:15,065 INFO  [Log]  Link Dat Mua Hoa Ngay Quan Trong is found on the San Pham Moi 
2017-04-06 16:07:15,635 INFO  [Log]  Link Thanh Toan is found on the Flower Shop 
2017-04-06 16:07:16,102 INFO  [Log]  TextBox Dia Chi Giao Hang is found on the Flower Shop 
2017-04-06 16:07:16,246 INFO  [Log]  TextBox ngay giao hang is found on the Flower Shop 
2017-04-06 16:07:16,377 INFO  [Log]  TextBox Dia Chi Giao Hang is found on the Flower Shop 
2017-04-06 16:07:17,356 INFO  [Log]  Button Thanh Toan is found on the Flower Shop 
2017-04-06 16:07:17,682 INFO  [Log]  Link thanh toan pass is found on the Flower Shop 
2017-04-06 16:07:17,808 INFO  [Log] Test Case 25 Passed because of Verification 
2017-04-06 16:07:17,809 INFO  [Log] XXXXXXXXXXXXXXXXXXXXXXX             -E---N---D-             XXXXXXXXXXXXXXXXXXXXXX 
2017-04-06 16:07:17,809 INFO  [Log] X 
2017-04-06 16:07:17,809 INFO  [Log] X 
2017-04-06 16:07:18,289 INFO  [Log] **************************************************************************************** 
2017-04-06 16:07:18,289 INFO  [Log] $$$$$$$$$$$$$$$$$$$$$                 Shop Carts       $$$$$$$$$$$$$$$$$$$$$$$$$ 
2017-04-06 16:07:18,289 INFO  [Log] **************************************************************************************** 
2017-04-06 16:07:18,385 INFO  [Log] Excel sheet opened 
2017-04-06 16:07:18,385 INFO  [Log] Excel sheet opened 
2017-04-06 16:07:28,533 INFO  [Log] New driver instantiated 
2017-04-06 16:07:29,269 INFO  [Log] Implicit wait applied on the driver for 20 seconds 
2017-04-06 16:07:29,625 INFO  [Log] Browser full screen 
2017-04-06 16:07:30,246 INFO  [Log] Web application launched successfully 
2017-04-06 16:07:30,246 INFO  [Log] New driver instantiated 
2017-04-06 16:07:30,280 INFO  [Log] Implicit wait applied on the driver for 10 seconds 
2017-04-06 16:07:30,341 INFO  [Log] Browser full screen 
2017-04-06 16:07:31,415 INFO  [Log] Web application launched successfully 
2017-04-06 16:07:31,788 INFO  [Log] Username text box is found on the Login Page 
2017-04-06 16:07:33,804 INFO  [Log] Password text box is found on the Login_Page 
2017-04-06 16:07:34,206 INFO  [Log] Submit button is found on the Login_Page 
2017-04-06 16:07:34,738 INFO  [Log] LogIn successful 
2017-04-06 16:07:34,775 INFO  [Log]  Link Dat Mua Hoa Ngay Quan Trong is found on the San Pham Moi 
2017-04-06 16:07:35,326 INFO  [Log]  Link Thanh Toan is found on the Flower Shop 
2017-04-06 16:07:35,719 INFO  [Log]  TextBox Dia Chi Giao Hang is found on the Flower Shop 
2017-04-06 16:07:35,837 INFO  [Log]  TextBox ngay giao hang is found on the Flower Shop 
2017-04-06 16:07:35,960 INFO  [Log]  TextBox Dia Chi Giao Hang is found on the Flower Shop 
2017-04-06 16:07:36,896 INFO  [Log]  Button Thanh Toan is found on the Flower Shop 
2017-04-06 16:07:37,230 INFO  [Log]  Link thanh toan pass is found on the Flower Shop 
2017-04-06 16:07:37,348 INFO  [Log] Test Case 26 Passed because of Verification 
2017-04-06 16:07:37,348 INFO  [Log] XXXXXXXXXXXXXXXXXXXXXXX             -E---N---D-             XXXXXXXXXXXXXXXXXXXXXX 
2017-04-06 16:07:37,348 INFO  [Log] X 
2017-04-06 16:07:37,348 INFO  [Log] X 
2017-04-06 16:07:38,190 INFO  [Log] **************************************************************************************** 
2017-04-06 16:07:38,190 INFO  [Log] $$$$$$$$$$$$$$$$$$$$$                 Shop Carts       $$$$$$$$$$$$$$$$$$$$$$$$$ 
2017-04-06 16:07:38,190 INFO  [Log] **************************************************************************************** 
2017-04-06 16:07:38,242 INFO  [Log] Excel sheet opened 
2017-04-06 16:07:38,242 INFO  [Log] Excel sheet opened 
2017-04-06 16:07:48,676 INFO  [Log] New driver instantiated 
2017-04-06 16:07:49,330 INFO  [Log] Implicit wait applied on the driver for 20 seconds 
2017-04-06 16:07:49,426 INFO  [Log] Browser full screen 
2017-04-06 16:07:50,309 INFO  [Log] Web application launched successfully 
2017-04-06 16:07:50,309 INFO  [Log] New driver instantiated 
2017-04-06 16:07:50,674 INFO  [Log] Implicit wait applied on the driver for 10 seconds 
2017-04-06 16:07:50,706 INFO  [Log] Browser full screen 
2017-04-06 16:07:50,864 INFO  [Log] Web application launched successfully 
2017-04-06 16:07:51,150 INFO  [Log] Username text box is found on the Login Page 
2017-04-06 16:08:00,181 INFO  [Log] Password text box is found on the Login_Page 
2017-04-06 16:08:04,072 INFO  [Log] Submit button is found on the Login_Page 
2017-04-06 16:08:04,919 INFO  [Log] LogIn successful 
2017-04-06 16:08:04,966 INFO  [Log]  Link Dat Mua Hoa Ngay Quan Trong is found on the San Pham Moi 
2017-04-06 16:08:05,691 INFO  [Log]  Link Thanh Toan is found on the Flower Shop 
2017-04-06 16:08:06,660 INFO  [Log]  TextBox Dia Chi Giao Hang is found on the Flower Shop 
2017-04-06 16:08:06,774 INFO  [Log]  TextBox ngay giao hang is found on the Flower Shop 
2017-04-06 16:08:06,885 INFO  [Log]  TextBox Dia Chi Giao Hang is found on the Flower Shop 
2017-04-06 16:08:07,051 INFO  [Log]  Button Thanh Toan is found on the Flower Shop 
2017-04-06 16:08:07,474 INFO  [Log]  Link thanh toan pass is found on the Flower Shop 
2017-04-06 16:08:08,344 INFO  [Log] Test Case 27 Passed because of Verification 
2017-04-06 16:08:08,345 INFO  [Log] XXXXXXXXXXXXXXXXXXXXXXX             -E---N---D-             XXXXXXXXXXXXXXXXXXXXXX 
2017-04-06 16:08:08,345 INFO  [Log] X 
2017-04-06 16:08:08,345 INFO  [Log] X 
2017-04-06 16:08:10,509 INFO  [Log] **************************************************************************************** 
2017-04-06 16:08:10,509 INFO  [Log] $$$$$$$$$$$$$$$$$$$$$                 Shop Carts       $$$$$$$$$$$$$$$$$$$$$$$$$ 
2017-04-06 16:08:10,509 INFO  [Log] **************************************************************************************** 
2017-04-06 16:08:10,572 INFO  [Log] Excel sheet opened 
2017-04-06 16:08:10,572 INFO  [Log] Excel sheet opened 
2017-04-06 16:08:21,012 INFO  [Log] New driver instantiated 
2017-04-06 16:08:21,084 INFO  [Log] Implicit wait applied on the driver for 20 seconds 
2017-04-06 16:08:21,903 INFO  [Log] Browser full screen 
2017-04-06 16:08:22,687 INFO  [Log] Web application launched successfully 
2017-04-06 16:08:22,687 INFO  [Log] New driver instantiated 
2017-04-06 16:08:22,916 INFO  [Log] Implicit wait applied on the driver for 10 seconds 
2017-04-06 16:08:23,257 INFO  [Log] Browser full screen 
2017-04-06 16:08:23,640 INFO  [Log] Web application launched successfully 
2017-04-06 16:08:23,720 INFO  [Log] Username text box is found on the Login Page 
2017-04-06 16:08:23,867 INFO  [Log] Password text box is found on the Login_Page 
2017-04-06 16:08:26,608 INFO  [Log] Submit button is found on the Login_Page 
2017-04-06 16:08:27,130 INFO  [Log] LogIn successful 
2017-04-06 16:08:27,307 INFO  [Log]  Link Dat Mua Hoa Ngay Quan Trong is found on the San Pham Moi 
2017-04-06 16:08:27,861 INFO  [Log]  Link Thanh Toan is found on the Flower Shop 
2017-04-06 16:08:28,766 INFO  [Log]  TextBox Dia Chi Giao Hang is found on the Flower Shop 
2017-04-06 16:08:28,882 INFO  [Log]  TextBox ngay giao hang is found on the Flower Shop 
2017-04-06 16:08:28,993 INFO  [Log]  TextBox Dia Chi Giao Hang is found on the Flower Shop 
2017-04-06 16:08:29,155 INFO  [Log]  Button Thanh Toan is found on the Flower Shop 
2017-04-06 16:08:29,485 INFO  [Log]  Link thanh toan pass is found on the Flower Shop 
2017-04-06 16:08:29,612 INFO  [Log] Test Case 28 Passed because of Verification 
2017-04-06 16:08:29,614 INFO  [Log] XXXXXXXXXXXXXXXXXXXXXXX             -E---N---D-             XXXXXXXXXXXXXXXXXXXXXX 
2017-04-06 16:08:29,614 INFO  [Log] X 
2017-04-06 16:08:29,614 INFO  [Log] X 
2017-04-08 18:03:08,625 INFO  [Log] **************************************************************************************** 
2017-04-08 18:03:09,075 INFO  [Log] $$$$$$$$$$$$$$$$$$$$$                 Shop Carts       $$$$$$$$$$$$$$$$$$$$$$$$$ 
2017-04-08 18:03:09,075 INFO  [Log] **************************************************************************************** 
2017-04-08 18:03:10,577 INFO  [Log] Excel sheet opened 
2017-04-08 18:03:10,577 INFO  [Log] Excel sheet opened 
2017-04-08 18:04:54,892 ERROR [Log] Class Utils | Method OpenBrowser | Exception desc : Failed to connect to binary FirefoxBinary(C:\Program Files\Mozilla Firefox\firefox.exe) on port 7055; process output follows: 
1491649435123	DeferredSave.extensions.json	DEBUG	Save changes
1491649435123	addons.xpi	DEBUG	Updating XPIState for {"id":"fxdriver@googlecode.com","syncGUID":"6IOYXVTsQBE9","location":"app-profile","version":"2.53.1","type":"extension","internalName":null,"updateURL":null,"updateKey":null,"optionsURL":null,"optionsType":null,"aboutURL":null,"iconURL":null,"icon64URL":null,"defaultLocale":{"name":"Firefox WebDriver","description":"WebDriver implementation for Firefox","creator":"Simon Stewart","homepageURL":null},"visible":true,"active":true,"userDisabled":false,"appDisabled":false,"descriptor":"C:\\Users\\NGUYEN~1\\AppData\\Local\\Temp\\anonymous2731776611370220111webdriver-profile\\extensions\\fxdriver@googlecode.com","installDate":1491649432511,"updateDate":1491649432511,"applyBackgroundUpdates":1,"bootstrap":false,"size":3249525,"sourceURI":null,"releaseNotesURI":null,"softDisabled":false,"foreignInstall":true,"hasBinaryComponents":true,"strictCompatibility":false,"locales":[],"targetApplications":[{"id":"{ec8030f7-c20a-464f-9b0e-13a3a9e97384}","minVersion":"3.0","maxVersion":"48.0"}],"targetPlatforms":[{"os":"Darwin","abi":null},{"os":"SunOS","abi":null},{"os":"FreeBSD","abi":null},{"os":"OpenBSD","abi":null},{"os":"WINNT","abi":null},{"os":"Linux","abi":null}],"multiprocessCompatible":false,"signedState":0}
1491649435124	addons.xpi	DEBUG	getModTime: Recursive scan of fxdriver@googlecode.com
1491649435131	addons.xpi	DEBUG	Updating XPIState for {"id":"{972ce4c6-7e08-4474-a285-3208198ce6fd}","syncGUID":"XMZnRfi4wHPe","location":"app-global","version":"43.0.3","type":"theme","internalName":"classic/1.0","updateURL":null,"updateKey":null,"optionsURL":null,"optionsType":null,"aboutURL":null,"iconURL":null,"icon64URL":null,"defaultLocale":{"name":"Default","description":"The default theme.","creator":"Mozilla","homepageURL":null,"contributors":["Mozilla Contributors"]},"visible":true,"active":true,"userDisabled":false,"appDisabled":false,"descriptor":"C:\\Program Files\\Mozilla Firefox\\browser\\extensions\\{972ce4c6-7e08-4474-a285-3208198ce6fd}","installDate":1484392920929,"updateDate":1484392920929,"applyBackgroundUpdates":1,"skinnable":true,"size":24172,"sourceURI":null,"releaseNotesURI":null,"softDisabled":false,"foreignInstall":false,"hasBinaryComponents":false,"strictCompatibility":true,"locales":[],"targetApplications":[{"id":"{ec8030f7-c20a-464f-9b0e-13a3a9e97384}","minVersion":"43.0.3","maxVersion":"43.0.3"}],"targetPlatforms":[]}
1491649435132	addons.xpi	DEBUG	getModTime: Recursive scan of {972ce4c6-7e08-4474-a285-3208198ce6fd}
1491649435133	DeferredSave.extensions.json	DEBUG	Save changes
1491649435134	addons.xpi	DEBUG	Updating database with changes to installed add-ons
1491649435134	addons.xpi-utils	DEBUG	Updating add-on states
1491649435135	addons.xpi-utils	DEBUG	Writing add-ons list
1491649435156	addons.manager	DEBUG	Registering shutdown blocker for XPIProvider
1491649435156	addons.manager	DEBUG	Provider finished startup: XPIProvider
1491649435156	addons.manager	DEBUG	Starting provider: LightweightThemeManager
1491649435157	addons.manager	DEBUG	Registering shutdown blocker for LightweightThemeManager
1491649435157	addons.manager	DEBUG	Provider finished startup: LightweightThemeManager
1491649435157	addons.manager	DEBUG	Starting provider: GMPProvider
1491649435165	addons.manager	DEBUG	Registering shutdown blocker for GMPProvider
1491649435165	addons.manager	DEBUG	Provider finished startup: GMPProvider
1491649435165	addons.manager	DEBUG	Starting provider: PluginProvider
1491649435165	addons.manager	DEBUG	Registering shutdown blocker for PluginProvider
1491649435166	addons.manager	DEBUG	Provider finished startup: PluginProvider
1491649435166	addons.manager	DEBUG	Completed startup sequence
1491649437329	addons.manager	DEBUG	Starting provider: <unnamed-provider>
1491649437330	addons.manager	DEBUG	Registering shutdown blocker for <unnamed-provider>
1491649437330	addons.manager	DEBUG	Provider finished startup: <unnamed-provider>
1491649438950	DeferredSave.extensions.json	DEBUG	Starting write

Build info: version: '2.53.1', revision: 'a36b8b1cd5757287168e54b817830adce9b0158d', time: '2016-06-30 19:26:09'
System info: host: 'N-Huong', ip: '192.168.16.101', os.name: 'Windows 8.1', os.arch: 'amd64', os.version: '6.3', java.version: '1.8.0_101'
Driver info: driver.version: FirefoxDriver 
2017-04-08 18:04:54,893 INFO  [Log] New driver instantiated 
2017-04-08 18:08:17,180 INFO  [Log] **************************************************************************************** 
2017-04-08 18:08:17,180 INFO  [Log] $$$$$$$$$$$$$$$$$$$$$                 LogIn       $$$$$$$$$$$$$$$$$$$$$$$$$ 
2017-04-08 18:08:17,181 INFO  [Log] **************************************************************************************** 
2017-04-08 18:08:18,841 INFO  [Log] Excel sheet opened 
2017-04-08 18:08:18,841 INFO  [Log] Excel sheet opened 
2017-04-08 18:09:09,400 ERROR [Log] Class Utils | Method OpenBrowser | Exception desc : Failed to connect to binary FirefoxBinary(C:\Program Files\Mozilla Firefox\firefox.exe) on port 7055; process output follows: 
llDate":1491649701240,"updateDate":1491649701240,"applyBackgroundUpdates":1,"bootstrap":false,"size":3249525,"sourceURI":null,"releaseNotesURI":null,"softDisabled":false,"foreignInstall":true,"hasBinaryComponents":true,"strictCompatibility":false,"locales":[],"targetApplications":[{"id":"{ec8030f7-c20a-464f-9b0e-13a3a9e97384}","minVersion":"3.0","maxVersion":"48.0"}],"targetPlatforms":[{"os":"Darwin","abi":null},{"os":"SunOS","abi":null},{"os":"FreeBSD","abi":null},{"os":"OpenBSD","abi":null},{"os":"WINNT","abi":null},{"os":"Linux","abi":null}],"multiprocessCompatible":false,"signedState":0}
1491649704764	addons.xpi	DEBUG	getModTime: Recursive scan of fxdriver@googlecode.com
1491649704771	addons.xpi	DEBUG	Updating XPIState for {"id":"{972ce4c6-7e08-4474-a285-3208198ce6fd}","syncGUID":"hRdewfSC0ide","location":"app-global","version":"43.0.3","type":"theme","internalName":"classic/1.0","updateURL":null,"updateKey":null,"optionsURL":null,"optionsType":null,"aboutURL":null,"iconURL":null,"icon64URL":null,"defaultLocale":{"name":"Default","description":"The default theme.","creator":"Mozilla","homepageURL":null,"contributors":["Mozilla Contributors"]},"visible":true,"active":true,"userDisabled":false,"appDisabled":false,"descriptor":"C:\\Program Files\\Mozilla Firefox\\browser\\extensions\\{972ce4c6-7e08-4474-a285-3208198ce6fd}","installDate":1484392920929,"updateDate":1484392920929,"applyBackgroundUpdates":1,"skinnable":true,"size":24172,"sourceURI":null,"releaseNotesURI":null,"softDisabled":false,"foreignInstall":false,"hasBinaryComponents":false,"strictCompatibility":true,"locales":[],"targetApplications":[{"id":"{ec8030f7-c20a-464f-9b0e-13a3a9e97384}","minVersion":"43.0.3","maxVersion":"43.0.3"}],"targetPlatforms":[]}
1491649704771	addons.xpi	DEBUG	getModTime: Recursive scan of {972ce4c6-7e08-4474-a285-3208198ce6fd}
1491649704773	DeferredSave.extensions.json	DEBUG	Save changes
1491649704774	addons.xpi	DEBUG	Updating database with changes to installed add-ons
1491649704774	addons.xpi-utils	DEBUG	Updating add-on states
1491649704775	addons.xpi-utils	DEBUG	Writing add-ons list
1491649704799	addons.manager	DEBUG	Registering shutdown blocker for XPIProvider
1491649704800	addons.manager	DEBUG	Provider finished startup: XPIProvider
1491649704800	addons.manager	DEBUG	Starting provider: LightweightThemeManager
1491649704800	addons.manager	DEBUG	Registering shutdown blocker for LightweightThemeManager
1491649704801	addons.manager	DEBUG	Provider finished startup: LightweightThemeManager
1491649704801	addons.manager	DEBUG	Starting provider: GMPProvider
1491649704812	addons.manager	DEBUG	Registering shutdown blocker for GMPProvider
1491649704812	addons.manager	DEBUG	Provider finished startup: GMPProvider
1491649704812	addons.manager	DEBUG	Starting provider: PluginProvider
1491649704812	addons.manager	DEBUG	Registering shutdown blocker for PluginProvider
1491649704813	addons.manager	DEBUG	Provider finished startup: PluginProvider
1491649704813	addons.manager	DEBUG	Completed startup sequence
1491649715078	addons.manager	DEBUG	Starting provider: <unnamed-provider>
1491649715078	addons.manager	DEBUG	Registering shutdown blocker for <unnamed-provider>
1491649715078	addons.manager	DEBUG	Provider finished startup: <unnamed-provider>
1491649728921	DeferredSave.extensions.json	DEBUG	Starting write
1491649730036	addons.repository	DEBUG	No addons.json found.
1491649730036	DeferredSave.addons.json	DEBUG	Save changes
1491649730039	DeferredSave.addons.json	DEBUG	Starting timer
1491649730057	addons.manager	DEBUG	Starting provider: PreviousExperimentProvider
1491649730057	addons.manager	DEBUG	Registering shutdown blocker for PreviousExperimentProvider
1491649730057	addons.manager	DEBUG	Provider finished startup: PreviousExperimentProvider
1491649730091	DeferredSave.addons.json	DEBUG	Starting write
1491649730449	DeferredSave.extensions.json	DEBUG	Write succeeded
1491649730449	addons.xpi-utils	DEBUG	XPI Database saved, setting schema version preference to 17
1491649730824	DeferredSave.addons.json	DEBUG	Write succeeded

Build info: version: '2.53.1', revision: 'a36b8b1cd5757287168e54b817830adce9b0158d', time: '2016-06-30 19:26:09'
System info: host: 'N-Huong', ip: '192.168.16.101', os.name: 'Windows 8.1', os.arch: 'amd64', os.version: '6.3', java.version: '1.8.0_101'
Driver info: driver.version: FirefoxDriver 
2017-04-08 18:09:09,401 INFO  [Log] New driver instantiated 
2017-04-08 18:10:02,871 INFO  [Log] **************************************************************************************** 
2017-04-08 18:10:02,872 INFO  [Log] $$$$$$$$$$$$$$$$$$$$$                 LogIn       $$$$$$$$$$$$$$$$$$$$$$$$$ 
2017-04-08 18:10:02,872 INFO  [Log] **************************************************************************************** 
2017-04-08 18:10:04,407 INFO  [Log] Excel sheet opened 
2017-04-08 18:10:04,408 INFO  [Log] Excel sheet opened 
2017-04-08 18:10:33,133 INFO  [Log] New driver instantiated 
2017-04-08 18:10:33,644 INFO  [Log] Implicit wait applied on the driver for 20 seconds 
2017-04-08 18:10:34,103 INFO  [Log] Browser full screen 
2017-04-08 18:10:37,150 INFO  [Log] Web application launched successfully 
2017-04-08 18:10:37,150 INFO  [Log] New driver instantiated 
2017-04-08 18:10:37,176 INFO  [Log] Implicit wait applied on the driver for 10 seconds 
2017-04-08 18:10:37,203 INFO  [Log] Browser full screen 
2017-04-08 18:10:37,570 INFO  [Log] Web application launched successfully 
2017-04-08 18:10:37,581 INFO  [Log] User name picked from Excel is  
2017-04-08 18:10:37,978 INFO  [Log] Username text box is found on the Login Page 
2017-04-08 18:10:38,066 INFO  [Log] User name entered in the Username text box 
2017-04-08 18:10:38,066 INFO  [Log] Pass word picked from Excel is  
2017-04-08 18:10:38,107 INFO  [Log] Password text box is found on the Login_Page 
2017-04-08 18:10:38,251 INFO  [Log] Pass word entered in the Password text box 
2017-04-08 18:10:38,297 INFO  [Log] Submit button is found on the Login_Page 
2017-04-08 18:10:38,739 INFO  [Log] Click action performed on Submit button 
2017-04-08 18:10:41,654 ERROR [Log] Test Case 1 Failed because of VerificationTestCase không th? th?c hi?n ðý?c || Không có có TenDN > 30 k? t?  
2017-04-08 18:10:41,659 INFO  [Log] XXXXXXXXXXXXXXXXXXXXXXX             -E---N---D-             XXXXXXXXXXXXXXXXXXXXXX 
2017-04-08 18:10:41,660 INFO  [Log] X 
2017-04-08 18:10:41,660 INFO  [Log] X 
2017-04-08 18:10:42,932 INFO  [Log] **************************************************************************************** 
2017-04-08 18:10:42,932 INFO  [Log] $$$$$$$$$$$$$$$$$$$$$                 LogIn       $$$$$$$$$$$$$$$$$$$$$$$$$ 
2017-04-08 18:10:42,932 INFO  [Log] **************************************************************************************** 
2017-04-08 18:10:43,277 INFO  [Log] Excel sheet opened 
2017-04-08 18:10:43,278 INFO  [Log] Excel sheet opened 
2017-04-08 18:10:54,662 INFO  [Log] New driver instantiated 
2017-04-08 18:10:54,709 INFO  [Log] Implicit wait applied on the driver for 20 seconds 
2017-04-08 18:10:54,808 INFO  [Log] Browser full screen 
2017-04-08 18:10:56,558 INFO  [Log] Web application launched successfully 
2017-04-08 18:10:56,558 INFO  [Log] New driver instantiated 
2017-04-08 18:10:56,639 INFO  [Log] Implicit wait applied on the driver for 10 seconds 
2017-04-08 18:10:56,667 INFO  [Log] Browser full screen 
2017-04-08 18:10:57,200 INFO  [Log] Web application launched successfully 
2017-04-08 18:10:57,201 INFO  [Log] User name picked from Excel is nguyenthihuongnguyenthihuongnghuong 
2017-04-08 18:10:57,366 INFO  [Log] Username text box is found on the Login Page 
2017-04-08 18:11:00,568 INFO  [Log] User name entered in the Username text box 
2017-04-08 18:11:00,569 INFO  [Log] Pass word picked from Excel is 05071996 
2017-04-08 18:11:00,643 INFO  [Log] Password text box is found on the Login_Page 
2017-04-08 18:11:01,037 INFO  [Log] Pass word entered in the Password text box 
2017-04-08 18:11:01,109 INFO  [Log] Submit button is found on the Login_Page 
2017-04-08 18:11:02,170 INFO  [Log] Click action performed on Submit button 
2017-04-08 18:11:02,229 INFO  [Log] Message is found on the Login_Page 
2017-04-08 18:11:02,271 INFO  [Log] Check display message form SignIn  
2017-04-08 18:11:02,530 INFO  [Log] Test Case 2 Passed because of Verification 
2017-04-08 18:11:02,531 INFO  [Log] XXXXXXXXXXXXXXXXXXXXXXX             -E---N---D-             XXXXXXXXXXXXXXXXXXXXXX 
2017-04-08 18:11:02,531 INFO  [Log] X 
2017-04-08 18:11:02,531 INFO  [Log] X 
2017-04-08 18:11:03,585 INFO  [Log] **************************************************************************************** 
2017-04-08 18:11:03,585 INFO  [Log] $$$$$$$$$$$$$$$$$$$$$                 LogIn       $$$$$$$$$$$$$$$$$$$$$$$$$ 
2017-04-08 18:11:03,585 INFO  [Log] **************************************************************************************** 
2017-04-08 18:11:03,754 INFO  [Log] Excel sheet opened 
2017-04-08 18:11:03,754 INFO  [Log] Excel sheet opened 
2017-04-08 18:11:14,798 INFO  [Log] New driver instantiated 
2017-04-08 18:11:15,654 INFO  [Log] Implicit wait applied on the driver for 20 seconds 
2017-04-08 18:11:16,009 INFO  [Log] Browser full screen 
2017-04-08 18:11:18,822 INFO  [Log] Web application launched successfully 
2017-04-08 18:11:18,822 INFO  [Log] New driver instantiated 
2017-04-08 18:11:18,950 INFO  [Log] Implicit wait applied on the driver for 10 seconds 
2017-04-08 18:11:19,007 INFO  [Log] Browser full screen 
2017-04-08 18:11:20,341 INFO  [Log] Web application launched successfully 
2017-04-08 18:11:20,342 INFO  [Log] User name picked from Excel is nguyenthihuong 
2017-04-08 18:11:20,780 INFO  [Log] Username text box is found on the Login Page 
2017-04-08 18:11:21,169 INFO  [Log] User name entered in the Username text box 
2017-04-08 18:11:21,169 INFO  [Log] Pass word picked from Excel is 05071997 
2017-04-08 18:11:23,147 INFO  [Log] Password text box is found on the Login_Page 
2017-04-08 18:11:23,433 INFO  [Log] Pass word entered in the Password text box 
2017-04-08 18:11:23,529 INFO  [Log] Submit button is found on the Login_Page 
2017-04-08 18:11:24,083 INFO  [Log] Click action performed on Submit button 
2017-04-08 18:11:24,144 INFO  [Log] Message is found on the Login_Page 
2017-04-08 18:11:24,250 INFO  [Log] Check display message form SignIn  
2017-04-08 18:11:24,582 INFO  [Log] Test Case 3 Passed because of Verification 
2017-04-08 18:11:24,583 INFO  [Log] XXXXXXXXXXXXXXXXXXXXXXX             -E---N---D-             XXXXXXXXXXXXXXXXXXXXXX 
2017-04-08 18:11:24,583 INFO  [Log] X 
2017-04-08 18:11:24,583 INFO  [Log] X 
2017-04-08 18:11:25,271 INFO  [Log] **************************************************************************************** 
2017-04-08 18:11:25,271 INFO  [Log] $$$$$$$$$$$$$$$$$$$$$                 LogIn       $$$$$$$$$$$$$$$$$$$$$$$$$ 
2017-04-08 18:11:25,271 INFO  [Log] **************************************************************************************** 
2017-04-08 18:11:25,465 INFO  [Log] Excel sheet opened 
2017-04-08 18:11:25,465 INFO  [Log] Excel sheet opened 
2017-04-08 18:11:37,508 INFO  [Log] New driver instantiated 
2017-04-08 18:11:37,666 INFO  [Log] Implicit wait applied on the driver for 20 seconds 
2017-04-08 18:11:38,665 INFO  [Log] Browser full screen 
2017-04-08 18:11:39,501 INFO  [Log] Web application launched successfully 
2017-04-08 18:11:39,501 INFO  [Log] New driver instantiated 
2017-04-08 18:11:39,666 INFO  [Log] Implicit wait applied on the driver for 10 seconds 
2017-04-08 18:11:39,702 INFO  [Log] Browser full screen 
2017-04-08 18:11:41,999 INFO  [Log] Web application launched successfully 
2017-04-08 18:11:42,000 INFO  [Log] User name picked from Excel is  
2017-04-08 18:11:42,292 INFO  [Log] Username text box is found on the Login Page 
2017-04-08 18:11:42,936 INFO  [Log] User name entered in the Username text box 
2017-04-08 18:11:42,936 INFO  [Log] Pass word picked from Excel is  
2017-04-08 18:11:43,331 INFO  [Log] Password text box is found on the Login_Page 
2017-04-08 18:11:43,464 INFO  [Log] Pass word entered in the Password text box 
2017-04-08 18:11:43,538 INFO  [Log] Submit button is found on the Login_Page 
2017-04-08 18:11:43,952 INFO  [Log] Click action performed on Submit button 
2017-04-08 18:11:44,004 INFO  [Log] Message is found on the Login_Page 
2017-04-08 18:11:44,069 INFO  [Log] Check display message form SignIn  
2017-04-08 18:11:44,240 INFO  [Log] Test Case 4 Passed because of Verification 
2017-04-08 18:11:44,241 INFO  [Log] XXXXXXXXXXXXXXXXXXXXXXX             -E---N---D-             XXXXXXXXXXXXXXXXXXXXXX 
2017-04-08 18:11:44,241 INFO  [Log] X 
2017-04-08 18:11:44,241 INFO  [Log] X 
2017-04-08 18:11:44,611 INFO  [Log] **************************************************************************************** 
2017-04-08 18:11:44,611 INFO  [Log] $$$$$$$$$$$$$$$$$$$$$                 LogIn       $$$$$$$$$$$$$$$$$$$$$$$$$ 
2017-04-08 18:11:44,611 INFO  [Log] **************************************************************************************** 
2017-04-08 18:11:44,750 INFO  [Log] Excel sheet opened 
2017-04-08 18:11:44,750 INFO  [Log] Excel sheet opened 
2017-04-08 18:11:55,058 INFO  [Log] New driver instantiated 
2017-04-08 18:11:55,229 INFO  [Log] Implicit wait applied on the driver for 20 seconds 
2017-04-08 18:11:55,442 INFO  [Log] Browser full screen 
2017-04-08 18:11:57,205 INFO  [Log] Web application launched successfully 
2017-04-08 18:11:57,205 INFO  [Log] New driver instantiated 
2017-04-08 18:11:57,449 INFO  [Log] Implicit wait applied on the driver for 10 seconds 
2017-04-08 18:11:57,520 INFO  [Log] Browser full screen 
2017-04-08 18:11:58,349 INFO  [Log] Web application launched successfully 
2017-04-08 18:11:58,350 INFO  [Log] User name picked from Excel is  
2017-04-08 18:11:58,576 INFO  [Log] Username text box is found on the Login Page 
2017-04-08 18:11:58,800 INFO  [Log] User name entered in the Username text box 
2017-04-08 18:11:58,800 INFO  [Log] Pass word picked from Excel is nguyenthihuongnguyenthihuongnghuong 
2017-04-08 18:11:58,862 INFO  [Log] Password text box is found on the Login_Page 
2017-04-08 18:11:59,141 INFO  [Log] Pass word entered in the Password text box 
2017-04-08 18:11:59,377 INFO  [Log] Submit button is found on the Login_Page 
2017-04-08 18:12:00,052 INFO  [Log] Click action performed on Submit button 
2017-04-08 18:12:00,096 INFO  [Log] Message is found on the Login_Page 
2017-04-08 18:12:00,141 INFO  [Log] Check display message form SignIn  
2017-04-08 18:12:00,255 INFO  [Log] Test Case 5 Passed because of Verification 
2017-04-08 18:12:00,255 INFO  [Log] XXXXXXXXXXXXXXXXXXXXXXX             -E---N---D-             XXXXXXXXXXXXXXXXXXXXXX 
2017-04-08 18:12:00,255 INFO  [Log] X 
2017-04-08 18:12:00,255 INFO  [Log] X 
2017-04-08 18:12:00,667 INFO  [Log] **************************************************************************************** 
2017-04-08 18:12:00,667 INFO  [Log] $$$$$$$$$$$$$$$$$$$$$                 LogIn       $$$$$$$$$$$$$$$$$$$$$$$$$ 
2017-04-08 18:12:00,667 INFO  [Log] **************************************************************************************** 
2017-04-08 18:12:00,888 INFO  [Log] Excel sheet opened 
2017-04-08 18:12:00,888 INFO  [Log] Excel sheet opened 
2017-04-08 18:12:10,666 INFO  [Log] New driver instantiated 
2017-04-08 18:12:11,523 INFO  [Log] Implicit wait applied on the driver for 20 seconds 
2017-04-08 18:12:11,636 INFO  [Log] Browser full screen 
2017-04-08 18:12:12,751 INFO  [Log] Web application launched successfully 
2017-04-08 18:12:12,752 INFO  [Log] New driver instantiated 
2017-04-08 18:12:12,893 INFO  [Log] Implicit wait applied on the driver for 10 seconds 
2017-04-08 18:12:13,018 INFO  [Log] Browser full screen 
2017-04-08 18:12:13,309 INFO  [Log] Web application launched successfully 
2017-04-08 18:12:13,309 INFO  [Log] User name picked from Excel is nguyenthihuongnguyenthihuongng 
2017-04-08 18:12:13,464 INFO  [Log] Username text box is found on the Login Page 
2017-04-08 18:12:16,199 INFO  [Log] User name entered in the Username text box 
2017-04-08 18:12:16,200 INFO  [Log] Pass word picked from Excel is  
2017-04-08 18:12:16,512 INFO  [Log] Password text box is found on the Login_Page 
2017-04-08 18:12:16,641 INFO  [Log] Pass word entered in the Password text box 
2017-04-08 18:12:16,694 INFO  [Log] Submit button is found on the Login_Page 
2017-04-08 18:12:17,195 INFO  [Log] Click action performed on Submit button 
2017-04-08 18:12:17,275 INFO  [Log] Message is found on the Login_Page 
2017-04-08 18:12:17,374 INFO  [Log] Check display message form SignIn  
2017-04-08 18:12:17,500 INFO  [Log] Test Case 6 Passed because of Verification 
2017-04-08 18:12:17,501 INFO  [Log] XXXXXXXXXXXXXXXXXXXXXXX             -E---N---D-             XXXXXXXXXXXXXXXXXXXXXX 
2017-04-08 18:12:17,501 INFO  [Log] X 
2017-04-08 18:12:17,501 INFO  [Log] X 
2017-04-08 18:12:18,895 INFO  [Log] **************************************************************************************** 
2017-04-08 18:12:18,895 INFO  [Log] $$$$$$$$$$$$$$$$$$$$$                 LogIn       $$$$$$$$$$$$$$$$$$$$$$$$$ 
2017-04-08 18:12:18,895 INFO  [Log] **************************************************************************************** 
2017-04-08 18:12:18,992 INFO  [Log] Excel sheet opened 
2017-04-08 18:12:18,992 INFO  [Log] Excel sheet opened 
2017-04-08 18:12:30,135 INFO  [Log] New driver instantiated 
2017-04-08 18:12:30,188 INFO  [Log] Implicit wait applied on the driver for 20 seconds 
2017-04-08 18:12:30,329 INFO  [Log] Browser full screen 
2017-04-08 18:12:31,821 INFO  [Log] Web application launched successfully 
2017-04-08 18:12:31,821 INFO  [Log] New driver instantiated 
2017-04-08 18:12:32,391 INFO  [Log] Implicit wait applied on the driver for 10 seconds 
2017-04-08 18:12:32,610 INFO  [Log] Browser full screen 
2017-04-08 18:12:33,265 INFO  [Log] Web application launched successfully 
2017-04-08 18:12:33,265 INFO  [Log] User name picked from Excel is nguyenthihuong 
2017-04-08 18:12:34,294 INFO  [Log] Username text box is found on the Login Page 
2017-04-08 18:12:37,324 INFO  [Log] User name entered in the Username text box 
2017-04-08 18:12:37,324 INFO  [Log] Pass word picked from Excel is  
2017-04-08 18:12:37,711 INFO  [Log] Password text box is found on the Login_Page 
2017-04-08 18:12:37,821 INFO  [Log] Pass word entered in the Password text box 
2017-04-08 18:12:37,880 INFO  [Log] Submit button is found on the Login_Page 
2017-04-08 18:12:38,361 INFO  [Log] Click action performed on Submit button 
2017-04-08 18:12:38,421 INFO  [Log] Message is found on the Login_Page 
2017-04-08 18:12:38,496 INFO  [Log] Check display message form SignIn  
2017-04-08 18:12:38,677 INFO  [Log] Test Case 7 Passed because of Verification 
2017-04-08 18:12:38,678 INFO  [Log] XXXXXXXXXXXXXXXXXXXXXXX             -E---N---D-             XXXXXXXXXXXXXXXXXXXXXX 
2017-04-08 18:12:38,678 INFO  [Log] X 
2017-04-08 18:12:38,678 INFO  [Log] X 
2017-04-08 18:12:39,380 INFO  [Log] **************************************************************************************** 
2017-04-08 18:12:39,380 INFO  [Log] $$$$$$$$$$$$$$$$$$$$$                 LogIn       $$$$$$$$$$$$$$$$$$$$$$$$$ 
2017-04-08 18:12:39,380 INFO  [Log] **************************************************************************************** 
2017-04-08 18:12:39,545 INFO  [Log] Excel sheet opened 
2017-04-08 18:12:39,545 INFO  [Log] Excel sheet opened 
2017-04-08 18:12:50,952 INFO  [Log] New driver instantiated 
2017-04-08 18:12:51,027 INFO  [Log] Implicit wait applied on the driver for 20 seconds 
2017-04-08 18:12:51,208 INFO  [Log] Browser full screen 
2017-04-08 18:12:52,952 INFO  [Log] Web application launched successfully 
2017-04-08 18:12:52,952 INFO  [Log] New driver instantiated 
2017-04-08 18:12:53,023 INFO  [Log] Implicit wait applied on the driver for 10 seconds 
2017-04-08 18:12:53,501 INFO  [Log] Browser full screen 
2017-04-08 18:12:53,941 INFO  [Log] Web application launched successfully 
2017-04-08 18:12:54,024 INFO  [Log] User name picked from Excel is nguyenthihuongnguyenthihuongng 
2017-04-08 18:12:54,185 INFO  [Log] Username text box is found on the Login Page 
2017-04-08 18:12:56,792 INFO  [Log] User name entered in the Username text box 
2017-04-08 18:12:56,792 INFO  [Log] Pass word picked from Excel is nguyenthihuongnguyenthihuongng 
2017-04-08 18:12:56,832 INFO  [Log] Password text box is found on the Login_Page 
2017-04-08 18:12:57,061 INFO  [Log] Pass word entered in the Password text box 
2017-04-08 18:12:57,100 INFO  [Log] Submit button is found on the Login_Page 
2017-04-08 18:12:57,989 INFO  [Log] Click action performed on Submit button 
2017-04-08 18:12:58,031 INFO  [Log] Message is found on the Login_Page 
2017-04-08 18:12:59,335 ERROR [Log] Test Case 8 Failed because of VerificationÐãng nh?p không thành công khi tên tài kho?n , m?t kh?u = 30 k? t? có trong CSDL || Ten dang ky, mat khau b? gioi han  
2017-04-08 18:12:59,336 INFO  [Log] XXXXXXXXXXXXXXXXXXXXXXX             -E---N---D-             XXXXXXXXXXXXXXXXXXXXXX 
2017-04-08 18:12:59,336 INFO  [Log] X 
2017-04-08 18:12:59,336 INFO  [Log] X 
2017-04-08 18:13:00,083 INFO  [Log] **************************************************************************************** 
2017-04-08 18:13:00,083 INFO  [Log] $$$$$$$$$$$$$$$$$$$$$                 LogIn       $$$$$$$$$$$$$$$$$$$$$$$$$ 
2017-04-08 18:13:00,083 INFO  [Log] **************************************************************************************** 
2017-04-08 18:13:00,197 INFO  [Log] Excel sheet opened 
2017-04-08 18:13:00,197 INFO  [Log] Excel sheet opened 
2017-04-08 18:13:11,890 INFO  [Log] New driver instantiated 
2017-04-08 18:13:12,025 INFO  [Log] Implicit wait applied on the driver for 20 seconds 
2017-04-08 18:13:13,007 INFO  [Log] Browser full screen 
2017-04-08 18:13:14,096 INFO  [Log] Web application launched successfully 
2017-04-08 18:13:14,096 INFO  [Log] New driver instantiated 
2017-04-08 18:13:14,121 INFO  [Log] Implicit wait applied on the driver for 10 seconds 
2017-04-08 18:13:14,150 INFO  [Log] Browser full screen 
2017-04-08 18:13:14,349 INFO  [Log] Web application launched successfully 
2017-04-08 18:13:14,350 INFO  [Log] User name picked from Excel is nguyenthihuong 
2017-04-08 18:13:14,601 INFO  [Log] Username text box is found on the Login Page 
2017-04-08 18:13:14,757 INFO  [Log] User name entered in the Username text box 
2017-04-08 18:13:14,757 INFO  [Log] Pass word picked from Excel is nguyenthihuongnguyenthihuongng 
2017-04-08 18:13:18,072 INFO  [Log] Password text box is found on the Login_Page 
2017-04-08 18:13:18,269 INFO  [Log] Pass word entered in the Password text box 
2017-04-08 18:13:18,317 INFO  [Log] Submit button is found on the Login_Page 
2017-04-08 18:13:18,850 INFO  [Log] Click action performed on Submit button 
2017-04-08 18:13:18,890 INFO  [Log] Message is found on the Login_Page 
2017-04-08 18:13:19,918 ERROR [Log] Test Case 9 Failed because of VerificationÐãng nh?p không thành công khi tên tài kho?n < 30 k? t? có trong CSDL , m?t kh?u = 30 k? t? có trong CSDL || Ten dang ky, mat khau b? gioi han 
2017-04-08 18:13:19,918 INFO  [Log] XXXXXXXXXXXXXXXXXXXXXXX             -E---N---D-             XXXXXXXXXXXXXXXXXXXXXX 
2017-04-08 18:13:19,918 INFO  [Log] X 
2017-04-08 18:13:19,918 INFO  [Log] X 
2017-04-08 18:13:20,496 INFO  [Log] **************************************************************************************** 
2017-04-08 18:13:20,496 INFO  [Log] $$$$$$$$$$$$$$$$$$$$$                 LogIn       $$$$$$$$$$$$$$$$$$$$$$$$$ 
2017-04-08 18:13:20,496 INFO  [Log] **************************************************************************************** 
2017-04-08 18:13:20,643 INFO  [Log] Excel sheet opened 
2017-04-08 18:13:20,643 INFO  [Log] Excel sheet opened 
2017-04-08 18:13:31,997 INFO  [Log] New driver instantiated 
2017-04-08 18:13:32,407 INFO  [Log] Implicit wait applied on the driver for 20 seconds 
2017-04-08 18:13:33,272 INFO  [Log] Browser full screen 
2017-04-08 18:13:34,099 INFO  [Log] Web application launched successfully 
2017-04-08 18:13:34,099 INFO  [Log] New driver instantiated 
2017-04-08 18:13:34,557 INFO  [Log] Implicit wait applied on the driver for 10 seconds 
2017-04-08 18:13:34,624 INFO  [Log] Browser full screen 
2017-04-08 18:13:35,152 INFO  [Log] Web application launched successfully 
2017-04-08 18:13:35,153 INFO  [Log] User name picked from Excel is nguyenthihuongnguyenthihuongng 
2017-04-08 18:13:35,319 INFO  [Log] Username text box is found on the Login Page 
2017-04-08 18:13:37,795 INFO  [Log] User name entered in the Username text box 
2017-04-08 18:13:37,795 INFO  [Log] Pass word picked from Excel is nguyenthihuong 
2017-04-08 18:13:37,863 INFO  [Log] Password text box is found on the Login_Page 
2017-04-08 18:13:38,459 INFO  [Log] Pass word entered in the Password text box 
2017-04-08 18:13:38,614 INFO  [Log] Submit button is found on the Login_Page 
2017-04-08 18:13:39,022 INFO  [Log] Click action performed on Submit button 
2017-04-08 18:13:39,071 INFO  [Log] Message is found on the Login_Page 
2017-04-08 18:13:40,092 ERROR [Log] Test Case 10 Failed because of VerificationÐãng nh?p không thành công khi tên tài kho?n = 30 k? t? có trong CSDL , m?t kh?u < 30 k? t? có trong CSDL || Ten dang ky, mat khau b? gioi han 
2017-04-08 18:13:40,093 INFO  [Log] XXXXXXXXXXXXXXXXXXXXXXX             -E---N---D-             XXXXXXXXXXXXXXXXXXXXXX 
2017-04-08 18:13:40,093 INFO  [Log] X 
2017-04-08 18:13:40,093 INFO  [Log] X 
2017-04-08 18:13:40,653 INFO  [Log] **************************************************************************************** 
2017-04-08 18:13:40,653 INFO  [Log] $$$$$$$$$$$$$$$$$$$$$                 LogIn       $$$$$$$$$$$$$$$$$$$$$$$$$ 
2017-04-08 18:13:40,653 INFO  [Log] **************************************************************************************** 
2017-04-08 18:13:40,771 INFO  [Log] Excel sheet opened 
2017-04-08 18:13:40,771 INFO  [Log] Excel sheet opened 
2017-04-08 18:13:52,784 INFO  [Log] New driver instantiated 
2017-04-08 18:13:52,952 INFO  [Log] Implicit wait applied on the driver for 20 seconds 
2017-04-08 18:13:53,122 INFO  [Log] Browser full screen 
2017-04-08 18:13:55,247 INFO  [Log] Web application launched successfully 
2017-04-08 18:13:55,247 INFO  [Log] New driver instantiated 
2017-04-08 18:13:55,308 INFO  [Log] Implicit wait applied on the driver for 10 seconds 
2017-04-08 18:13:55,351 INFO  [Log] Browser full screen 
2017-04-08 18:13:55,978 INFO  [Log] Web application launched successfully 
2017-04-08 18:13:55,979 INFO  [Log] User name picked from Excel is HuongNguyen 
2017-04-08 18:13:56,453 INFO  [Log] Username text box is found on the Login Page 
2017-04-08 18:13:58,301 INFO  [Log] User name entered in the Username text box 
2017-04-08 18:13:58,301 INFO  [Log] Pass word picked from Excel is 05071995 
2017-04-08 18:13:58,405 INFO  [Log] Password text box is found on the Login_Page 
2017-04-08 18:13:58,527 INFO  [Log] Pass word entered in the Password text box 
2017-04-08 18:13:58,632 INFO  [Log] Submit button is found on the Login_Page 
2017-04-08 18:13:59,325 INFO  [Log] Click action performed on Submit button 
2017-04-08 18:14:05,051 INFO  [Log] Link thong tin tai khoan is found on the Login_Page 
2017-04-08 18:14:05,084 INFO  [Log] Check display link thong tin tai khoan form SignIn  
2017-04-08 18:14:05,264 INFO  [Log] Test Case 11 Passed because of Verification 
2017-04-08 18:14:05,269 INFO  [Log] XXXXXXXXXXXXXXXXXXXXXXX             -E---N---D-             XXXXXXXXXXXXXXXXXXXXXX 
2017-04-08 18:14:05,269 INFO  [Log] X 
2017-04-08 18:14:05,269 INFO  [Log] X 
2017-04-08 18:14:05,847 INFO  [Log] **************************************************************************************** 
2017-04-08 18:14:05,847 INFO  [Log] $$$$$$$$$$$$$$$$$$$$$                 LogIn       $$$$$$$$$$$$$$$$$$$$$$$$$ 
2017-04-08 18:14:05,847 INFO  [Log] **************************************************************************************** 
2017-04-08 18:14:06,007 INFO  [Log] Excel sheet opened 
2017-04-08 18:14:06,007 INFO  [Log] Excel sheet opened 
2017-04-08 18:14:18,328 INFO  [Log] New driver instantiated 
2017-04-08 18:14:18,411 INFO  [Log] Implicit wait applied on the driver for 20 seconds 
2017-04-08 18:14:18,551 INFO  [Log] Browser full screen 
2017-04-08 18:14:21,983 INFO  [Log] Web application launched successfully 
2017-04-08 18:14:21,983 INFO  [Log] New driver instantiated 
2017-04-08 18:14:22,203 INFO  [Log] Implicit wait applied on the driver for 10 seconds 
2017-04-08 18:14:22,405 INFO  [Log] Browser full screen 
2017-04-08 18:14:23,420 INFO  [Log] Web application launched successfully 
2017-04-08 18:14:23,730 INFO  [Log] Link Ðãng K? is found on the Login_Page 
2017-04-08 18:14:24,017 INFO  [Log] Link Ðãng K? is found on the Login_Page 
2017-04-08 18:14:26,677 INFO  [Log] Click Link Dang Ky 
2017-04-08 18:14:26,794 INFO  [Log] Get title Dang ky 
2017-04-08 18:14:26,942 INFO  [Log] Test Case 12 Passed because of Verification 
2017-04-08 18:14:26,942 INFO  [Log] Check successfull link Dang ky 
2017-04-08 18:14:26,943 INFO  [Log] XXXXXXXXXXXXXXXXXXXXXXX             -E---N---D-             XXXXXXXXXXXXXXXXXXXXXX 
2017-04-08 18:14:26,943 INFO  [Log] X 
2017-04-08 18:14:26,943 INFO  [Log] X 
2017-04-08 18:14:27,521 INFO  [Log] **************************************************************************************** 
2017-04-08 18:14:27,525 INFO  [Log] $$$$$$$$$$$$$$$$$$$$$                 LogIn       $$$$$$$$$$$$$$$$$$$$$$$$$ 
2017-04-08 18:14:27,525 INFO  [Log] **************************************************************************************** 
2017-04-08 18:14:27,635 INFO  [Log] Excel sheet opened 
2017-04-08 18:14:27,635 INFO  [Log] Excel sheet opened 
2017-04-08 18:14:38,759 INFO  [Log] New driver instantiated 
2017-04-08 18:14:39,625 INFO  [Log] Implicit wait applied on the driver for 20 seconds 
2017-04-08 18:14:40,505 INFO  [Log] Browser full screen 
2017-04-08 18:14:41,966 INFO  [Log] Web application launched successfully 
2017-04-08 18:14:41,966 INFO  [Log] New driver instantiated 
2017-04-08 18:14:42,014 INFO  [Log] Implicit wait applied on the driver for 10 seconds 
2017-04-08 18:14:42,047 INFO  [Log] Browser full screen 
2017-04-08 18:14:43,180 INFO  [Log] Web application launched successfully 
2017-04-08 18:14:43,324 INFO  [Log] Link quên Pass is found on the Login_Page 
2017-04-08 18:14:43,401 INFO  [Log] Link quên Pass is found on the Login_Page 
2017-04-08 18:14:44,231 INFO  [Log] Click Link quen mat khau 
2017-04-08 18:14:44,268 INFO  [Log] Get title quyen mat khau 
2017-04-08 18:14:44,426 INFO  [Log] Test Case 13 Passed because of Verification 
2017-04-08 18:14:44,426 INFO  [Log] Check successfull link quen pass 
2017-04-08 18:14:44,427 INFO  [Log] XXXXXXXXXXXXXXXXXXXXXXX             -E---N---D-             XXXXXXXXXXXXXXXXXXXXXX 
2017-04-08 18:14:44,427 INFO  [Log] X 
2017-04-08 18:14:44,427 INFO  [Log] X 
